browser.js:37 Download the React DevTools for a better development experience: https://fb.me/react-devtools
apollo.gz.js?b=42.2.0:92 Custom upload
apollo.gz.js?b=42.2.0:92 JQMIGRATE: Migrate is installed with logging active, version 3.0.1
apollo.gz.js?b=42.2.0:92 {event: {…}}
apollo.gz.js?b=42.2.0:92 ### BatchLog: Initialized !!!
apollo.gz.js?b=42.2.0:92 ### BatchLog: pushWidgetInfoToStorage
apollo.gz.js?b=42.2.0:92 ### BatchLog: pushWidgetInfoToStorage
apollo.gz.js?b=42.2.0:92 Start Asset Sync After Get Live Configuration of VCU/FSFAB/Sim2Live
apollo.gz.js?b=42.2.0:92 ### BatchLog: pushWidgetInfoToStorage
apollo.gz.js?b=42.2.0:92 ### BatchLog: pushWidgetInfoToStorage
apollo.gz.js?b=42.2.0:92 *** wlibCallback of Presentation Widget View ***
resourceListDefaultController.gz.js?b=42.2.0:1 Inside ResourceListItemView.setResourceImgFromFileExt t.Model {cid: 'c95', attributes: {…}, collection: n, _changing: false, _previousAttributes: {…}, …}
EventConsoleApollo.jsp:1 
        
       Mixed Content: The page at 'https://event.on24.com/eventRegistration/console/EventConsoleApollo.jsp?&eventid=3809163&sessionid=1&username=&partnerref=&format=fhvideo1&mobile=&flashsupportedmobiledevice=&helpcenter=&key=9B57F5C72D9069EE6C88118D11456E28&newConsole=true&nxChe=true&newTabCon=true&consoleEarEventConsole=false&text_language_id=en&playerwidth=748&playerheight=526&referrer=https%3A%2F%2Fevent.on24.com%2FeventRegistration%2FeventRegistrationServlet%3Fsourcepage%3Dregister%26logreghits%3Dy%26recookie%3Dy%26autoreg%3Dtrue%26sessionid%3D1%26eventid%3D3809163%26key%3D9B57F5C72D9069EE6C88118D11456E28%26email%3D40f03f44-c390-49fe-9556-34894c6aed9d%40platform%26event_email%3DN%26marketing_email%3DN%26firstname%3DA%26lastname%3DZ%26std1%3D0636920076833%26std2%3D0636920076836%26std3%3Dca94813e-6db3-4569-95fc-3bf611369f13%26std4%3D1&eventuserid=581619013&contenttype=L&mediametricsessionid=499467387&mediametricid=5357320&usercd=581619013&mode=launch' was loaded over HTTPS, but requested an insecure element 'http://www.oreilly.com/favicon.ico'. This request was automatically upgraded to HTTPS, For more information see https://blog.chromium.org/2019/10/no-more-mixed-messages-about-https.html
apollo.gz.js?b=42.2.0:92  hidePresenterMsg After Live Event Start 
apollo.gz.js?b=42.2.0:92  Waiting For Presenter Message Hide 
apollo.gz.js?b=42.2.0:92 Startlive from dockView initialize {presentationCode: 'startlive', timestamp: 1671206427000, mediaURLCode: 'reserved', mediaURL: 'reserved', mediaWidth: null, …}
apollo.gz.js?b=42.2.0:92 Startlive from reactions callback {presentationCode: 'startlive', timestamp: 1671206427000, mediaURLCode: 'reserved', mediaURL: 'reserved', mediaWidth: null, …}
apollo.gz.js?b=42.2.0:92 Start Live from GetLastPushedAsset 
qaDesktopController.gz.js?b=42.2.0:1 n {cid: 'view120', model: n, options: {…}, $el: e.fn.init(1), render: ƒ, …}
qaDesktopController.gz.js?b=42.2.0:1 n {cid: 'view123', model: n, options: {…}, $el: e.fn.init(1), render: ƒ, …}
qaDesktopController.gz.js?b=42.2.0:1 n {cid: 'view126', model: n, options: {…}, $el: e.fn.init(1), render: ƒ, …}
qaDesktopController.gz.js?b=42.2.0:1 n {cid: 'view129', model: n, options: {…}, $el: e.fn.init(1), render: ƒ, …}
qaDesktopController.gz.js?b=42.2.0:1 n {cid: 'view132', model: n, options: {…}, $el: e.fn.init(1), render: ƒ, …}
VideoChatManager.js:29 VCM: instantiated with client_id: 9362
attendeechat-iframe.html:90 Chat Room open but will end after 31544026486ms
attendeechat-iframe.html:114 Channel ID:  6933142742772731904
ChatClass.js:200 lang en
UserInfo.js:120 Using name display type: first_name_last_initial
ControlServerHandler.js:64 @connect {chat_id: '6933142742772731904', id_on24: '581619013', chat_user_name: 'A Z', first_name: 'A', first_surname: '', …} {key: '9B57F5C72D9069EE6C88118D11456E28', event_id: '3809163', user_type: 'A'}
apollo.gz.js?b=42.2.0:92  mediaType => video
apollo.gz.js?b=42.2.0:92  Waiting For Presenter Message Hide 
widgets.on24.gz.js?b=42.2.0:1 ^^ register media
mediaDefaultController.gz.js?b=42.2.0:1 Initializing bitmovin light !
presentationDefaultController.gz.js?b=42.2.0:1 ###  => db log #1:: initialize {eventid: '3809163', userId: '581619013', timestamp: 1671212777280, sequence: 1, action: 'initialize', …}
apollo.gz.js?b=42.2.0:92 *** wlibCallback of Media Widget View ***
EventConsoleApollo.jsp:1 
        
       Access to fetch at 'https://vids-chat.on24.com/chat/user/join' from origin 'https://event.on24.com' has been blocked by CORS policy: No 'Access-Control-Allow-Origin' header is present on the requested resource. If an opaque response serves your needs, set the request's mode to 'no-cors' to fetch the resource with CORS disabled.
reactions_service.gz.js?b=42.2.0:1 
        
      
        
        
      
        
      
       
        
       POST https://vids-chat.on24.com/chat/user/join net::ERR_FAILED 403
_callee2$ @ reactions_service.gz.js?b=42.2.0:1
tryCatch @ reactions_service.gz.js?b=42.2.0:1
invoke @ reactions_service.gz.js?b=42.2.0:1
(anonymous) @ reactions_service.gz.js?b=42.2.0:1
asyncGeneratorStep @ reactions_service.gz.js?b=42.2.0:1
_next @ reactions_service.gz.js?b=42.2.0:1
(anonymous) @ reactions_service.gz.js?b=42.2.0:1
(anonymous) @ reactions_service.gz.js?b=42.2.0:1
makeRequest @ reactions_service.gz.js?b=42.2.0:1
_callee3$ @ reactions_service.gz.js?b=42.2.0:1
tryCatch @ reactions_service.gz.js?b=42.2.0:1
invoke @ reactions_service.gz.js?b=42.2.0:1
(anonymous) @ reactions_service.gz.js?b=42.2.0:1
asyncGeneratorStep @ reactions_service.gz.js?b=42.2.0:1
_next @ reactions_service.gz.js?b=42.2.0:1
(anonymous) @ reactions_service.gz.js?b=42.2.0:1
(anonymous) @ reactions_service.gz.js?b=42.2.0:1
userJoin @ reactions_service.gz.js?b=42.2.0:1
_callee$ @ reactions_service.gz.js?b=42.2.0:1
tryCatch @ reactions_service.gz.js?b=42.2.0:1
invoke @ reactions_service.gz.js?b=42.2.0:1
(anonymous) @ reactions_service.gz.js?b=42.2.0:1
asyncGeneratorStep @ reactions_service.gz.js?b=42.2.0:1
_next @ reactions_service.gz.js?b=42.2.0:1
(anonymous) @ reactions_service.gz.js?b=42.2.0:1
(anonymous) @ reactions_service.gz.js?b=42.2.0:1
auth @ reactions_service.gz.js?b=42.2.0:1
authReactionsService @ reactionsDefaultController.js?b=42.2.0:1
initReactionsService @ reactionsDefaultController.js?b=42.2.0:1
initialize @ reactionsDefaultController.js?b=42.2.0:1
e @ widgets.on24.gz.js?b=42.2.0:1
t.View @ apollo.gz.js?b=42.2.0:92
constructor @ apollo.gz.js?b=42.2.0:92
constructor @ apollo.gz.js?b=42.2.0:92
n @ widgets.on24.gz.js?b=42.2.0:1
n @ widgets.on24.gz.js?b=42.2.0:1
initializeReactionsView @ reactionsDefaultController.js?b=42.2.0:1
initialize @ reactionsDefaultController.js?b=42.2.0:1
r.Controller @ apollo.gz.js?b=42.2.0:92
n @ widgets.on24.gz.js?b=42.2.0:1
n @ widgets.on24.gz.js?b=42.2.0:1
n @ widgets.on24.gz.js?b=42.2.0:1
(anonymous) @ widgets.on24.gz.js?b=42.2.0:1
(anonymous) @ widgets.on24.gz.js?b=42.2.0:1
execCb @ require.min.js:29
check @ require.min.js:18
(anonymous) @ require.min.js:23
(anonymous) @ require.min.js:8
(anonymous) @ require.min.js:23
y @ require.min.js:7
emit @ require.min.js:23
check @ require.min.js:19
enable @ require.min.js:23
init @ require.min.js:17
D @ require.min.js:14
completeLoad @ require.min.js:28
onScriptLoad @ require.min.js:29
load (async)
j.load @ require.min.js:33
load @ require.min.js:29
load @ require.min.js:18
fetch @ require.min.js:17
check @ require.min.js:20
enable @ require.min.js:23
enable @ require.min.js:27
(anonymous) @ require.min.js:23
(anonymous) @ require.min.js:8
y @ require.min.js:7
enable @ require.min.js:22
init @ require.min.js:17
(anonymous) @ require.min.js:26
setTimeout (async)
j.nextTick @ require.min.js:32
h @ require.min.js:26
(anonymous) @ widgets.on24.gz.js?b=42.2.0:1
(anonymous) @ widgets.on24.gz.js?b=42.2.0:1
kt @ apollo.gz.js?b=42.2.0:92
r @ widgets.on24.gz.js?b=42.2.0:1
preloadTemplates @ widgets.on24.gz.js?b=42.2.0:1
m.addWidgets @ widgets.on24.gz.js?b=42.2.0:1
addPopupWidgets @ apollo.gz.js?b=42.2.0:92
appendHtml @ apollo.gz.js?b=42.2.0:92
renderItemView @ apollo.gz.js?b=42.2.0:92
addItemView @ apollo.gz.js?b=42.2.0:92
(anonymous) @ apollo.gz.js?b=42.2.0:92
(anonymous) @ apollo.gz.js?b=42.2.0:92
kt @ apollo.gz.js?b=42.2.0:92
g.<computed> @ apollo.gz.js?b=42.2.0:92
showCollection @ apollo.gz.js?b=42.2.0:92
_renderChildren @ apollo.gz.js?b=42.2.0:92
_renderChildren @ apollo.gz.js?b=42.2.0:92
render @ apollo.gz.js?b=42.2.0:92
v @ apollo.gz.js?b=42.2.0:92
show @ apollo.gz.js?b=42.2.0:92
initializeUIAndWidgets @ apollo.gz.js?b=42.2.0:92
loadLibsBeforeUiInit @ apollo.gz.js?b=42.2.0:92
(anonymous) @ apollo.gz.js?b=42.2.0:92
f @ apollo.gz.js?b=42.2.0:92
l @ apollo.gz.js?b=42.2.0:92
setTimeout (async)
(anonymous) @ apollo.gz.js?b=42.2.0:92
a @ apollo.gz.js?b=42.2.0:92
fireWith @ apollo.gz.js?b=42.2.0:92
fire @ apollo.gz.js?b=42.2.0:92
a @ apollo.gz.js?b=42.2.0:92
fireWith @ apollo.gz.js?b=42.2.0:92
s.<computed> @ apollo.gz.js?b=42.2.0:92
success @ apollo.gz.js?b=42.2.0:92
a @ apollo.gz.js?b=42.2.0:92
fireWith @ apollo.gz.js?b=42.2.0:92
C @ apollo.gz.js?b=42.2.0:92
(anonymous) @ apollo.gz.js?b=42.2.0:92
load (async)
send @ apollo.gz.js?b=42.2.0:92
ajax @ apollo.gz.js?b=42.2.0:92
e.ajax @ apollo.gz.js?b=42.2.0:92
A @ apollo.gz.js?b=42.2.0:92
handleServerData @ apollo.gz.js?b=42.2.0:92
(anonymous) @ apollo.gz.js?b=42.2.0:92
f @ apollo.gz.js?b=42.2.0:92
l @ apollo.gz.js?b=42.2.0:92
setTimeout (async)
(anonymous) @ apollo.gz.js?b=42.2.0:92
a @ apollo.gz.js?b=42.2.0:92
fireWith @ apollo.gz.js?b=42.2.0:92
fire @ apollo.gz.js?b=42.2.0:92
a @ apollo.gz.js?b=42.2.0:92
fireWith @ apollo.gz.js?b=42.2.0:92
s.<computed> @ apollo.gz.js?b=42.2.0:92
success @ apollo.gz.js?b=42.2.0:92
a @ apollo.gz.js?b=42.2.0:92
fireWith @ apollo.gz.js?b=42.2.0:92
C @ apollo.gz.js?b=42.2.0:92
(anonymous) @ apollo.gz.js?b=42.2.0:92
load (async)
send @ apollo.gz.js?b=42.2.0:92
ajax @ apollo.gz.js?b=42.2.0:92
e.ajax @ apollo.gz.js?b=42.2.0:92
Nt @ apollo.gz.js?b=42.2.0:92
(anonymous) @ apollo.gz.js?b=42.2.0:92
a @ apollo.gz.js?b=42.2.0:92
fireWith @ apollo.gz.js?b=42.2.0:92
(anonymous) @ apollo.gz.js?b=42.2.0:92
a @ apollo.gz.js?b=42.2.0:92
fireWith @ apollo.gz.js?b=42.2.0:92
s.<computed> @ apollo.gz.js?b=42.2.0:92
success @ apollo.gz.js?b=42.2.0:92
a @ apollo.gz.js?b=42.2.0:92
fireWith @ apollo.gz.js?b=42.2.0:92
C @ apollo.gz.js?b=42.2.0:92
(anonymous) @ apollo.gz.js?b=42.2.0:92
load (async)
send @ apollo.gz.js?b=42.2.0:92
ajax @ apollo.gz.js?b=42.2.0:92
e.ajax @ apollo.gz.js?b=42.2.0:92
getJWTToken @ apollo.gz.js?b=42.2.0:92
(anonymous) @ apollo.gz.js?b=42.2.0:92
a @ apollo.gz.js?b=42.2.0:92
fireWith @ apollo.gz.js?b=42.2.0:92
(anonymous) @ apollo.gz.js?b=42.2.0:92
a @ apollo.gz.js?b=42.2.0:92
fireWith @ apollo.gz.js?b=42.2.0:92
s.<computed> @ apollo.gz.js?b=42.2.0:92
success @ apollo.gz.js?b=42.2.0:92
a @ apollo.gz.js?b=42.2.0:92
fireWith @ apollo.gz.js?b=42.2.0:92
C @ apollo.gz.js?b=42.2.0:92
(anonymous) @ apollo.gz.js?b=42.2.0:92
load (async)
send @ apollo.gz.js?b=42.2.0:92
ajax @ apollo.gz.js?b=42.2.0:92
e.ajax @ apollo.gz.js?b=42.2.0:92
getLocalizationData @ apollo.gz.js?b=42.2.0:92
(anonymous) @ apollo.gz.js?b=42.2.0:92
a @ apollo.gz.js?b=42.2.0:92
fireWith @ apollo.gz.js?b=42.2.0:92
f @ apollo.gz.js?b=42.2.0:92
l @ apollo.gz.js?b=42.2.0:92
setTimeout (async)
(anonymous) @ apollo.gz.js?b=42.2.0:92
a @ apollo.gz.js?b=42.2.0:92
fireWith @ apollo.gz.js?b=42.2.0:92
fire @ apollo.gz.js?b=42.2.0:92
a @ apollo.gz.js?b=42.2.0:92
fireWith @ apollo.gz.js?b=42.2.0:92
s.<computed> @ apollo.gz.js?b=42.2.0:92
a @ apollo.gz.js?b=42.2.0:92
fireWith @ apollo.gz.js?b=42.2.0:92
s.<computed> @ apollo.gz.js?b=42.2.0:92
success @ apollo.gz.js?b=42.2.0:92
a @ apollo.gz.js?b=42.2.0:92
fireWith @ apollo.gz.js?b=42.2.0:92
C @ apollo.gz.js?b=42.2.0:92
(anonymous) @ apollo.gz.js?b=42.2.0:92
load (async)
send @ apollo.gz.js?b=42.2.0:92
ajax @ apollo.gz.js?b=42.2.0:92
e.ajax @ apollo.gz.js?b=42.2.0:92
getWebcastData @ apollo.gz.js?b=42.2.0:92
(anonymous) @ apollo.gz.js?b=42.2.0:92
a @ apollo.gz.js?b=42.2.0:92
fireWith @ apollo.gz.js?b=42.2.0:92
f @ apollo.gz.js?b=42.2.0:92
l @ apollo.gz.js?b=42.2.0:92
setTimeout (async)
(anonymous) @ apollo.gz.js?b=42.2.0:92
a @ apollo.gz.js?b=42.2.0:92
fireWith @ apollo.gz.js?b=42.2.0:92
fire @ apollo.gz.js?b=42.2.0:92
a @ apollo.gz.js?b=42.2.0:92
fireWith @ apollo.gz.js?b=42.2.0:92
s.<computed> @ apollo.gz.js?b=42.2.0:92
a @ apollo.gz.js?b=42.2.0:92
fireWith @ apollo.gz.js?b=42.2.0:92
s.<computed> @ apollo.gz.js?b=42.2.0:92
success @ apollo.gz.js?b=42.2.0:92
a @ apollo.gz.js?b=42.2.0:92
fireWith @ apollo.gz.js?b=42.2.0:92
C @ apollo.gz.js?b=42.2.0:92
(anonymous) @ apollo.gz.js?b=42.2.0:92
load (async)
send @ apollo.gz.js?b=42.2.0:92
ajax @ apollo.gz.js?b=42.2.0:92
e.ajax @ apollo.gz.js?b=42.2.0:92
getServerTime @ apollo.gz.js?b=42.2.0:92
postInit @ apollo.gz.js?b=42.2.0:92
(anonymous) @ apollo.gz.js?b=42.2.0:92
execCb @ require.min.js:29
check @ require.min.js:18
(anonymous) @ require.min.js:23
(anonymous) @ require.min.js:8
(anonymous) @ require.min.js:23
y @ require.min.js:7
emit @ require.min.js:23
check @ require.min.js:19
enable @ require.min.js:23
init @ require.min.js:17
D @ require.min.js:14
completeLoad @ require.min.js:28
onScriptLoad @ require.min.js:29
load (async)
j.load @ require.min.js:33
load @ require.min.js:29
load @ require.min.js:18
fetch @ require.min.js:17
check @ require.min.js:20
enable @ require.min.js:23
enable @ require.min.js:27
(anonymous) @ require.min.js:23
(anonymous) @ require.min.js:8
y @ require.min.js:7
enable @ require.min.js:22
init @ require.min.js:17
(anonymous) @ require.min.js:26
setTimeout (async)
j.nextTick @ require.min.js:32
h @ require.min.js:26
requirejs @ require.min.js:31
initialize @ apollo.gz.js?b=42.2.0:92
r.Controller @ apollo.gz.js?b=42.2.0:92
n @ widgets.on24.gz.js?b=42.2.0:1
(anonymous) @ apollo.gz.js?b=42.2.0:92
(anonymous) @ apollo.gz.js?b=42.2.0:92
a @ apollo.gz.js?b=42.2.0:92
fireWith @ apollo.gz.js?b=42.2.0:92
s.<computed> @ apollo.gz.js?b=42.2.0:92
run @ apollo.gz.js?b=42.2.0:92
start @ apollo.gz.js?b=42.2.0:92
(anonymous) @ apollo.gz.js?b=42.2.0:92
execCb @ require.min.js:29
check @ require.min.js:18
(anonymous) @ require.min.js:23
(anonymous) @ require.min.js:8
(anonymous) @ require.min.js:23
y @ require.min.js:7
emit @ require.min.js:23
check @ require.min.js:19
(anonymous) @ require.min.js:23
(anonymous) @ require.min.js:8
(anonymous) @ require.min.js:23
y @ require.min.js:7
emit @ require.min.js:23
check @ require.min.js:19
(anonymous) @ require.min.js:23
(anonymous) @ require.min.js:8
(anonymous) @ require.min.js:23
y @ require.min.js:7
emit @ require.min.js:23
check @ require.min.js:19
(anonymous) @ require.min.js:13
y @ require.min.js:7
E @ require.min.js:12
(anonymous) @ require.min.js:13
y @ require.min.js:7
E @ require.min.js:12
(anonymous) @ require.min.js:13
y @ require.min.js:7
E @ require.min.js:12
(anonymous) @ require.min.js:13
y @ require.min.js:7
E @ require.min.js:12
(anonymous) @ require.min.js:13
y @ require.min.js:7
E @ require.min.js:12
(anonymous) @ require.min.js:13
y @ require.min.js:7
E @ require.min.js:12
(anonymous) @ require.min.js:13
y @ require.min.js:7
E @ require.min.js:12
(anonymous) @ require.min.js:14
y @ require.min.js:7
C @ require.min.js:14
completeLoad @ require.min.js:28
onScriptLoad @ require.min.js:29
load (async)
j.load @ require.min.js:33
load @ require.min.js:29
load @ require.min.js:18
fetch @ require.min.js:17
check @ require.min.js:20
enable @ require.min.js:23
enable @ require.min.js:27
(anonymous) @ require.min.js:23
(anonymous) @ require.min.js:8
y @ require.min.js:7
enable @ require.min.js:22
enable @ require.min.js:27
(anonymous) @ require.min.js:23
(anonymous) @ require.min.js:8
y @ require.min.js:7
enable @ require.min.js:22
enable @ require.min.js:27
(anonymous) @ require.min.js:23
(anonymous) @ require.min.js:8
y @ require.min.js:7
enable @ require.min.js:22
init @ require.min.js:17
(anonymous) @ require.min.js:26
setTimeout (async)
j.nextTick @ require.min.js:32
h @ require.min.js:26
configure @ require.min.js:25
requirejs @ require.min.js:31
j.config @ require.min.js:31
(anonymous) @ apollo.gz.js?b=42.2.0:92
reactionsDefaultController.js?b=42.2.0:1 
        
       Reactions Auth failed TypeError: Failed to fetch
    at ApiService._callee2$ (reactions_service.gz.js?b=42.2.0:1:41223)
    at tryCatch (reactions_service.gz.js?b=42.2.0:1:2873)
    at Generator.invoke [as _invoke] (reactions_service.gz.js?b=42.2.0:1:2647)
    at Generator.next (reactions_service.gz.js?b=42.2.0:1:3422)
    at asyncGeneratorStep (reactions_service.gz.js?b=42.2.0:1:305)
    at _next (reactions_service.gz.js?b=42.2.0:1:528)
    at reactions_service.gz.js?b=42.2.0:1:644
    at new Promise (<anonymous>)
    at ApiService.<anonymous> (reactions_service.gz.js?b=42.2.0:1:464)
    at ApiService.makeRequest (reactions_service.gz.js?b=42.2.0:1:41420)
(anonymous) @ reactionsDefaultController.js?b=42.2.0:1
Promise.then (async)
authReactionsService @ reactionsDefaultController.js?b=42.2.0:1
initReactionsService @ reactionsDefaultController.js?b=42.2.0:1
initialize @ reactionsDefaultController.js?b=42.2.0:1
e @ widgets.on24.gz.js?b=42.2.0:1
t.View @ apollo.gz.js?b=42.2.0:92
constructor @ apollo.gz.js?b=42.2.0:92
constructor @ apollo.gz.js?b=42.2.0:92
n @ widgets.on24.gz.js?b=42.2.0:1
n @ widgets.on24.gz.js?b=42.2.0:1
initializeReactionsView @ reactionsDefaultController.js?b=42.2.0:1
initialize @ reactionsDefaultController.js?b=42.2.0:1
r.Controller @ apollo.gz.js?b=42.2.0:92
n @ widgets.on24.gz.js?b=42.2.0:1
n @ widgets.on24.gz.js?b=42.2.0:1
n @ widgets.on24.gz.js?b=42.2.0:1
(anonymous) @ widgets.on24.gz.js?b=42.2.0:1
(anonymous) @ widgets.on24.gz.js?b=42.2.0:1
execCb @ require.min.js:29
check @ require.min.js:18
(anonymous) @ require.min.js:23
(anonymous) @ require.min.js:8
(anonymous) @ require.min.js:23
y @ require.min.js:7
emit @ require.min.js:23
check @ require.min.js:19
enable @ require.min.js:23
init @ require.min.js:17
D @ require.min.js:14
completeLoad @ require.min.js:28
onScriptLoad @ require.min.js:29
load (async)
j.load @ require.min.js:33
load @ require.min.js:29
load @ require.min.js:18
fetch @ require.min.js:17
check @ require.min.js:20
enable @ require.min.js:23
enable @ require.min.js:27
(anonymous) @ require.min.js:23
(anonymous) @ require.min.js:8
y @ require.min.js:7
enable @ require.min.js:22
init @ require.min.js:17
(anonymous) @ require.min.js:26
setTimeout (async)
j.nextTick @ require.min.js:32
h @ require.min.js:26
(anonymous) @ widgets.on24.gz.js?b=42.2.0:1
(anonymous) @ widgets.on24.gz.js?b=42.2.0:1
kt @ apollo.gz.js?b=42.2.0:92
r @ widgets.on24.gz.js?b=42.2.0:1
preloadTemplates @ widgets.on24.gz.js?b=42.2.0:1
m.addWidgets @ widgets.on24.gz.js?b=42.2.0:1
addPopupWidgets @ apollo.gz.js?b=42.2.0:92
appendHtml @ apollo.gz.js?b=42.2.0:92
renderItemView @ apollo.gz.js?b=42.2.0:92
addItemView @ apollo.gz.js?b=42.2.0:92
(anonymous) @ apollo.gz.js?b=42.2.0:92
(anonymous) @ apollo.gz.js?b=42.2.0:92
kt @ apollo.gz.js?b=42.2.0:92
g.<computed> @ apollo.gz.js?b=42.2.0:92
showCollection @ apollo.gz.js?b=42.2.0:92
_renderChildren @ apollo.gz.js?b=42.2.0:92
_renderChildren @ apollo.gz.js?b=42.2.0:92
render @ apollo.gz.js?b=42.2.0:92
v @ apollo.gz.js?b=42.2.0:92
show @ apollo.gz.js?b=42.2.0:92
initializeUIAndWidgets @ apollo.gz.js?b=42.2.0:92
loadLibsBeforeUiInit @ apollo.gz.js?b=42.2.0:92
(anonymous) @ apollo.gz.js?b=42.2.0:92
f @ apollo.gz.js?b=42.2.0:92
l @ apollo.gz.js?b=42.2.0:92
setTimeout (async)
(anonymous) @ apollo.gz.js?b=42.2.0:92
a @ apollo.gz.js?b=42.2.0:92
fireWith @ apollo.gz.js?b=42.2.0:92
fire @ apollo.gz.js?b=42.2.0:92
a @ apollo.gz.js?b=42.2.0:92
fireWith @ apollo.gz.js?b=42.2.0:92
s.<computed> @ apollo.gz.js?b=42.2.0:92
success @ apollo.gz.js?b=42.2.0:92
a @ apollo.gz.js?b=42.2.0:92
fireWith @ apollo.gz.js?b=42.2.0:92
C @ apollo.gz.js?b=42.2.0:92
(anonymous) @ apollo.gz.js?b=42.2.0:92
load (async)
send @ apollo.gz.js?b=42.2.0:92
ajax @ apollo.gz.js?b=42.2.0:92
e.ajax @ apollo.gz.js?b=42.2.0:92
A @ apollo.gz.js?b=42.2.0:92
handleServerData @ apollo.gz.js?b=42.2.0:92
(anonymous) @ apollo.gz.js?b=42.2.0:92
f @ apollo.gz.js?b=42.2.0:92
l @ apollo.gz.js?b=42.2.0:92
setTimeout (async)
(anonymous) @ apollo.gz.js?b=42.2.0:92
a @ apollo.gz.js?b=42.2.0:92
fireWith @ apollo.gz.js?b=42.2.0:92
fire @ apollo.gz.js?b=42.2.0:92
a @ apollo.gz.js?b=42.2.0:92
fireWith @ apollo.gz.js?b=42.2.0:92
s.<computed> @ apollo.gz.js?b=42.2.0:92
success @ apollo.gz.js?b=42.2.0:92
a @ apollo.gz.js?b=42.2.0:92
fireWith @ apollo.gz.js?b=42.2.0:92
C @ apollo.gz.js?b=42.2.0:92
(anonymous) @ apollo.gz.js?b=42.2.0:92
load (async)
send @ apollo.gz.js?b=42.2.0:92
ajax @ apollo.gz.js?b=42.2.0:92
e.ajax @ apollo.gz.js?b=42.2.0:92
Nt @ apollo.gz.js?b=42.2.0:92
(anonymous) @ apollo.gz.js?b=42.2.0:92
a @ apollo.gz.js?b=42.2.0:92
fireWith @ apollo.gz.js?b=42.2.0:92
(anonymous) @ apollo.gz.js?b=42.2.0:92
a @ apollo.gz.js?b=42.2.0:92
fireWith @ apollo.gz.js?b=42.2.0:92
s.<computed> @ apollo.gz.js?b=42.2.0:92
success @ apollo.gz.js?b=42.2.0:92
a @ apollo.gz.js?b=42.2.0:92
fireWith @ apollo.gz.js?b=42.2.0:92
C @ apollo.gz.js?b=42.2.0:92
(anonymous) @ apollo.gz.js?b=42.2.0:92
load (async)
send @ apollo.gz.js?b=42.2.0:92
ajax @ apollo.gz.js?b=42.2.0:92
e.ajax @ apollo.gz.js?b=42.2.0:92
getJWTToken @ apollo.gz.js?b=42.2.0:92
(anonymous) @ apollo.gz.js?b=42.2.0:92
a @ apollo.gz.js?b=42.2.0:92
fireWith @ apollo.gz.js?b=42.2.0:92
(anonymous) @ apollo.gz.js?b=42.2.0:92
a @ apollo.gz.js?b=42.2.0:92
fireWith @ apollo.gz.js?b=42.2.0:92
s.<computed> @ apollo.gz.js?b=42.2.0:92
success @ apollo.gz.js?b=42.2.0:92
a @ apollo.gz.js?b=42.2.0:92
fireWith @ apollo.gz.js?b=42.2.0:92
C @ apollo.gz.js?b=42.2.0:92
(anonymous) @ apollo.gz.js?b=42.2.0:92
load (async)
send @ apollo.gz.js?b=42.2.0:92
ajax @ apollo.gz.js?b=42.2.0:92
e.ajax @ apollo.gz.js?b=42.2.0:92
getLocalizationData @ apollo.gz.js?b=42.2.0:92
(anonymous) @ apollo.gz.js?b=42.2.0:92
a @ apollo.gz.js?b=42.2.0:92
fireWith @ apollo.gz.js?b=42.2.0:92
f @ apollo.gz.js?b=42.2.0:92
l @ apollo.gz.js?b=42.2.0:92
setTimeout (async)
(anonymous) @ apollo.gz.js?b=42.2.0:92
a @ apollo.gz.js?b=42.2.0:92
fireWith @ apollo.gz.js?b=42.2.0:92
fire @ apollo.gz.js?b=42.2.0:92
a @ apollo.gz.js?b=42.2.0:92
fireWith @ apollo.gz.js?b=42.2.0:92
s.<computed> @ apollo.gz.js?b=42.2.0:92
a @ apollo.gz.js?b=42.2.0:92
fireWith @ apollo.gz.js?b=42.2.0:92
s.<computed> @ apollo.gz.js?b=42.2.0:92
success @ apollo.gz.js?b=42.2.0:92
a @ apollo.gz.js?b=42.2.0:92
fireWith @ apollo.gz.js?b=42.2.0:92
C @ apollo.gz.js?b=42.2.0:92
(anonymous) @ apollo.gz.js?b=42.2.0:92
load (async)
send @ apollo.gz.js?b=42.2.0:92
ajax @ apollo.gz.js?b=42.2.0:92
e.ajax @ apollo.gz.js?b=42.2.0:92
getWebcastData @ apollo.gz.js?b=42.2.0:92
(anonymous) @ apollo.gz.js?b=42.2.0:92
a @ apollo.gz.js?b=42.2.0:92
fireWith @ apollo.gz.js?b=42.2.0:92
f @ apollo.gz.js?b=42.2.0:92
l @ apollo.gz.js?b=42.2.0:92
setTimeout (async)
(anonymous) @ apollo.gz.js?b=42.2.0:92
a @ apollo.gz.js?b=42.2.0:92
fireWith @ apollo.gz.js?b=42.2.0:92
fire @ apollo.gz.js?b=42.2.0:92
a @ apollo.gz.js?b=42.2.0:92
fireWith @ apollo.gz.js?b=42.2.0:92
s.<computed> @ apollo.gz.js?b=42.2.0:92
a @ apollo.gz.js?b=42.2.0:92
fireWith @ apollo.gz.js?b=42.2.0:92
s.<computed> @ apollo.gz.js?b=42.2.0:92
success @ apollo.gz.js?b=42.2.0:92
a @ apollo.gz.js?b=42.2.0:92
fireWith @ apollo.gz.js?b=42.2.0:92
C @ apollo.gz.js?b=42.2.0:92
(anonymous) @ apollo.gz.js?b=42.2.0:92
load (async)
send @ apollo.gz.js?b=42.2.0:92
ajax @ apollo.gz.js?b=42.2.0:92
e.ajax @ apollo.gz.js?b=42.2.0:92
getServerTime @ apollo.gz.js?b=42.2.0:92
postInit @ apollo.gz.js?b=42.2.0:92
(anonymous) @ apollo.gz.js?b=42.2.0:92
execCb @ require.min.js:29
check @ require.min.js:18
(anonymous) @ require.min.js:23
(anonymous) @ require.min.js:8
(anonymous) @ require.min.js:23
y @ require.min.js:7
emit @ require.min.js:23
check @ require.min.js:19
enable @ require.min.js:23
init @ require.min.js:17
D @ require.min.js:14
completeLoad @ require.min.js:28
onScriptLoad @ require.min.js:29
load (async)
j.load @ require.min.js:33
load @ require.min.js:29
load @ require.min.js:18
fetch @ require.min.js:17
check @ require.min.js:20
enable @ require.min.js:23
enable @ require.min.js:27
(anonymous) @ require.min.js:23
(anonymous) @ require.min.js:8
y @ require.min.js:7
enable @ require.min.js:22
init @ require.min.js:17
(anonymous) @ require.min.js:26
setTimeout (async)
j.nextTick @ require.min.js:32
h @ require.min.js:26
requirejs @ require.min.js:31
initialize @ apollo.gz.js?b=42.2.0:92
r.Controller @ apollo.gz.js?b=42.2.0:92
n @ widgets.on24.gz.js?b=42.2.0:1
(anonymous) @ apollo.gz.js?b=42.2.0:92
(anonymous) @ apollo.gz.js?b=42.2.0:92
a @ apollo.gz.js?b=42.2.0:92
fireWith @ apollo.gz.js?b=42.2.0:92
s.<computed> @ apollo.gz.js?b=42.2.0:92
run @ apollo.gz.js?b=42.2.0:92
start @ apollo.gz.js?b=42.2.0:92
(anonymous) @ apollo.gz.js?b=42.2.0:92
execCb @ require.min.js:29
check @ require.min.js:18
(anonymous) @ require.min.js:23
(anonymous) @ require.min.js:8
(anonymous) @ require.min.js:23
y @ require.min.js:7
emit @ require.min.js:23
check @ require.min.js:19
(anonymous) @ require.min.js:23
(anonymous) @ require.min.js:8
(anonymous) @ require.min.js:23
y @ require.min.js:7
emit @ require.min.js:23
check @ require.min.js:19
(anonymous) @ require.min.js:23
(anonymous) @ require.min.js:8
(anonymous) @ require.min.js:23
y @ require.min.js:7
emit @ require.min.js:23
check @ require.min.js:19
(anonymous) @ require.min.js:13
y @ require.min.js:7
E @ require.min.js:12
(anonymous) @ require.min.js:13
y @ require.min.js:7
E @ require.min.js:12
(anonymous) @ require.min.js:13
y @ require.min.js:7
E @ require.min.js:12
(anonymous) @ require.min.js:13
y @ require.min.js:7
E @ require.min.js:12
(anonymous) @ require.min.js:13
y @ require.min.js:7
E @ require.min.js:12
(anonymous) @ require.min.js:13
y @ require.min.js:7
E @ require.min.js:12
(anonymous) @ require.min.js:13
y @ require.min.js:7
E @ require.min.js:12
(anonymous) @ require.min.js:14
y @ require.min.js:7
C @ require.min.js:14
completeLoad @ require.min.js:28
onScriptLoad @ require.min.js:29
load (async)
j.load @ require.min.js:33
load @ require.min.js:29
load @ require.min.js:18
fetch @ require.min.js:17
check @ require.min.js:20
enable @ require.min.js:23
enable @ require.min.js:27
(anonymous) @ require.min.js:23
(anonymous) @ require.min.js:8
y @ require.min.js:7
enable @ require.min.js:22
enable @ require.min.js:27
(anonymous) @ require.min.js:23
(anonymous) @ require.min.js:8
y @ require.min.js:7
enable @ require.min.js:22
enable @ require.min.js:27
(anonymous) @ require.min.js:23
(anonymous) @ require.min.js:8
y @ require.min.js:7
enable @ require.min.js:22
init @ require.min.js:17
(anonymous) @ require.min.js:26
setTimeout (async)
j.nextTick @ require.min.js:32
h @ require.min.js:26
configure @ require.min.js:25
requirejs @ require.min.js:31
j.config @ require.min.js:31
(anonymous) @ apollo.gz.js?b=42.2.0:92
bitmovinplayer.gz.js?b=42.2.0:35 Adaptive Video Streaming Service by www.bitmovin.com
bitmovinplayer.gz.js?b=42.2.0:35 Player Version 8.24.0
attendeechat-iframe.html:1 
        
       Access to fetch at 'https://vids-chat.on24.com/chat/user/join' from origin 'https://event.on24.com' has been blocked by CORS policy: No 'Access-Control-Allow-Origin' header is present on the requested resource. If an opaque response serves your needs, set the request's mode to 'no-cors' to fetch the resource with CORS disabled.
ApiService.js:67 
        
      
        
        
      
        
      
       
        
       POST https://vids-chat.on24.com/chat/user/join net::ERR_FAILED 403
(anonymous) @ ApiService.js:67
c @ stream-chat-react.js:41
(anonymous) @ stream-chat-react.js:41
(anonymous) @ stream-chat-react.js:41
p @ chat_ui.min.js:1
i @ chat_ui.min.js:1
(anonymous) @ chat_ui.min.js:1
(anonymous) @ chat_ui.min.js:1
(anonymous) @ ApiService.js:68
(anonymous) @ ApiService.js:90
c @ stream-chat-react.js:41
(anonymous) @ stream-chat-react.js:41
(anonymous) @ stream-chat-react.js:41
p @ chat_ui.min.js:1
i @ chat_ui.min.js:1
(anonymous) @ chat_ui.min.js:1
(anonymous) @ chat_ui.min.js:1
(anonymous) @ ApiService.js:90
(anonymous) @ ControlServerHandler.js:100
c @ stream-chat-react.js:41
(anonymous) @ stream-chat-react.js:41
(anonymous) @ stream-chat-react.js:41
p @ chat_ui.min.js:1
i @ chat_ui.min.js:1
(anonymous) @ chat_ui.min.js:1
(anonymous) @ chat_ui.min.js:1
(anonymous) @ ControlServerHandler.js:163
(anonymous) @ ChatClass.js:209
c @ stream-chat-react.js:41
(anonymous) @ stream-chat-react.js:41
(anonymous) @ stream-chat-react.js:41
p @ chat_ui.min.js:1
i @ chat_ui.min.js:1
(anonymous) @ chat_ui.min.js:1
(anonymous) @ chat_ui.min.js:1
(anonymous) @ ChatClass.js:222
initializeAttendeeChat @ attendeechat-iframe.html:190
(anonymous) @ attendeechat-iframe.html:261
postMessage (async)
t.onload @ attendeeChatDefaultController.gz.js?b=42.2.0:1
load (async)
onRender @ attendeeChatDefaultController.gz.js?b=42.2.0:1
r @ apollo.gz.js?b=42.2.0:92
render @ apollo.gz.js?b=42.2.0:92
v @ apollo.gz.js?b=42.2.0:92
show @ apollo.gz.js?b=42.2.0:92
show @ attendeeChatDefaultController.gz.js?b=42.2.0:1
(anonymous) @ widgets.on24.gz.js?b=42.2.0:1
(anonymous) @ widgets.on24.gz.js?b=42.2.0:1
execCb @ require.min.js:29
check @ require.min.js:18
(anonymous) @ require.min.js:23
(anonymous) @ require.min.js:8
(anonymous) @ require.min.js:23
y @ require.min.js:7
emit @ require.min.js:23
check @ require.min.js:19
enable @ require.min.js:23
init @ require.min.js:17
D @ require.min.js:14
completeLoad @ require.min.js:28
onScriptLoad @ require.min.js:29
load (async)
j.load @ require.min.js:33
load @ require.min.js:29
load @ require.min.js:18
fetch @ require.min.js:17
check @ require.min.js:20
enable @ require.min.js:23
enable @ require.min.js:27
(anonymous) @ require.min.js:23
(anonymous) @ require.min.js:8
y @ require.min.js:7
enable @ require.min.js:22
init @ require.min.js:17
(anonymous) @ require.min.js:26
setTimeout (async)
j.nextTick @ require.min.js:32
h @ require.min.js:26
(anonymous) @ widgets.on24.gz.js?b=42.2.0:1
(anonymous) @ widgets.on24.gz.js?b=42.2.0:1
kt @ apollo.gz.js?b=42.2.0:92
r @ widgets.on24.gz.js?b=42.2.0:1
preloadTemplates @ widgets.on24.gz.js?b=42.2.0:1
m.addWidgets @ widgets.on24.gz.js?b=42.2.0:1
addWidget @ apollo.gz.js?b=42.2.0:92
wlibRender @ apollo.gz.js?b=42.2.0:92
defaultOnRenderBehaviour @ apollo.gz.js?b=42.2.0:92
onRender @ apollo.gz.js?b=42.2.0:92
r @ apollo.gz.js?b=42.2.0:92
render @ apollo.gz.js?b=42.2.0:92
v @ apollo.gz.js?b=42.2.0:92
renderItemView @ apollo.gz.js?b=42.2.0:92
addItemView @ apollo.gz.js?b=42.2.0:92
(anonymous) @ apollo.gz.js?b=42.2.0:92
(anonymous) @ apollo.gz.js?b=42.2.0:92
kt @ apollo.gz.js?b=42.2.0:92
g.<computed> @ apollo.gz.js?b=42.2.0:92
showCollection @ apollo.gz.js?b=42.2.0:92
_renderChildren @ apollo.gz.js?b=42.2.0:92
_renderChildren @ apollo.gz.js?b=42.2.0:92
render @ apollo.gz.js?b=42.2.0:92
v @ apollo.gz.js?b=42.2.0:92
show @ apollo.gz.js?b=42.2.0:92
initializeUIAndWidgets @ apollo.gz.js?b=42.2.0:92
loadLibsBeforeUiInit @ apollo.gz.js?b=42.2.0:92
(anonymous) @ apollo.gz.js?b=42.2.0:92
f @ apollo.gz.js?b=42.2.0:92
l @ apollo.gz.js?b=42.2.0:92
setTimeout (async)
(anonymous) @ apollo.gz.js?b=42.2.0:92
a @ apollo.gz.js?b=42.2.0:92
fireWith @ apollo.gz.js?b=42.2.0:92
fire @ apollo.gz.js?b=42.2.0:92
a @ apollo.gz.js?b=42.2.0:92
fireWith @ apollo.gz.js?b=42.2.0:92
s.<computed> @ apollo.gz.js?b=42.2.0:92
success @ apollo.gz.js?b=42.2.0:92
a @ apollo.gz.js?b=42.2.0:92
fireWith @ apollo.gz.js?b=42.2.0:92
C @ apollo.gz.js?b=42.2.0:92
(anonymous) @ apollo.gz.js?b=42.2.0:92
load (async)
send @ apollo.gz.js?b=42.2.0:92
ajax @ apollo.gz.js?b=42.2.0:92
e.ajax @ apollo.gz.js?b=42.2.0:92
A @ apollo.gz.js?b=42.2.0:92
handleServerData @ apollo.gz.js?b=42.2.0:92
(anonymous) @ apollo.gz.js?b=42.2.0:92
f @ apollo.gz.js?b=42.2.0:92
l @ apollo.gz.js?b=42.2.0:92
setTimeout (async)
(anonymous) @ apollo.gz.js?b=42.2.0:92
a @ apollo.gz.js?b=42.2.0:92
fireWith @ apollo.gz.js?b=42.2.0:92
fire @ apollo.gz.js?b=42.2.0:92
a @ apollo.gz.js?b=42.2.0:92
fireWith @ apollo.gz.js?b=42.2.0:92
s.<computed> @ apollo.gz.js?b=42.2.0:92
success @ apollo.gz.js?b=42.2.0:92
a @ apollo.gz.js?b=42.2.0:92
fireWith @ apollo.gz.js?b=42.2.0:92
C @ apollo.gz.js?b=42.2.0:92
(anonymous) @ apollo.gz.js?b=42.2.0:92
load (async)
send @ apollo.gz.js?b=42.2.0:92
ajax @ apollo.gz.js?b=42.2.0:92
e.ajax @ apollo.gz.js?b=42.2.0:92
Nt @ apollo.gz.js?b=42.2.0:92
(anonymous) @ apollo.gz.js?b=42.2.0:92
a @ apollo.gz.js?b=42.2.0:92
fireWith @ apollo.gz.js?b=42.2.0:92
(anonymous) @ apollo.gz.js?b=42.2.0:92
a @ apollo.gz.js?b=42.2.0:92
fireWith @ apollo.gz.js?b=42.2.0:92
s.<computed> @ apollo.gz.js?b=42.2.0:92
success @ apollo.gz.js?b=42.2.0:92
a @ apollo.gz.js?b=42.2.0:92
fireWith @ apollo.gz.js?b=42.2.0:92
C @ apollo.gz.js?b=42.2.0:92
(anonymous) @ apollo.gz.js?b=42.2.0:92
load (async)
send @ apollo.gz.js?b=42.2.0:92
ajax @ apollo.gz.js?b=42.2.0:92
e.ajax @ apollo.gz.js?b=42.2.0:92
getJWTToken @ apollo.gz.js?b=42.2.0:92
(anonymous) @ apollo.gz.js?b=42.2.0:92
a @ apollo.gz.js?b=42.2.0:92
fireWith @ apollo.gz.js?b=42.2.0:92
(anonymous) @ apollo.gz.js?b=42.2.0:92
a @ apollo.gz.js?b=42.2.0:92
fireWith @ apollo.gz.js?b=42.2.0:92
s.<computed> @ apollo.gz.js?b=42.2.0:92
success @ apollo.gz.js?b=42.2.0:92
a @ apollo.gz.js?b=42.2.0:92
fireWith @ apollo.gz.js?b=42.2.0:92
C @ apollo.gz.js?b=42.2.0:92
(anonymous) @ apollo.gz.js?b=42.2.0:92
load (async)
send @ apollo.gz.js?b=42.2.0:92
ajax @ apollo.gz.js?b=42.2.0:92
e.ajax @ apollo.gz.js?b=42.2.0:92
getLocalizationData @ apollo.gz.js?b=42.2.0:92
(anonymous) @ apollo.gz.js?b=42.2.0:92
a @ apollo.gz.js?b=42.2.0:92
fireWith @ apollo.gz.js?b=42.2.0:92
f @ apollo.gz.js?b=42.2.0:92
l @ apollo.gz.js?b=42.2.0:92
setTimeout (async)
(anonymous) @ apollo.gz.js?b=42.2.0:92
a @ apollo.gz.js?b=42.2.0:92
fireWith @ apollo.gz.js?b=42.2.0:92
fire @ apollo.gz.js?b=42.2.0:92
a @ apollo.gz.js?b=42.2.0:92
fireWith @ apollo.gz.js?b=42.2.0:92
s.<computed> @ apollo.gz.js?b=42.2.0:92
a @ apollo.gz.js?b=42.2.0:92
fireWith @ apollo.gz.js?b=42.2.0:92
s.<computed> @ apollo.gz.js?b=42.2.0:92
success @ apollo.gz.js?b=42.2.0:92
a @ apollo.gz.js?b=42.2.0:92
fireWith @ apollo.gz.js?b=42.2.0:92
C @ apollo.gz.js?b=42.2.0:92
(anonymous) @ apollo.gz.js?b=42.2.0:92
load (async)
send @ apollo.gz.js?b=42.2.0:92
ajax @ apollo.gz.js?b=42.2.0:92
e.ajax @ apollo.gz.js?b=42.2.0:92
getWebcastData @ apollo.gz.js?b=42.2.0:92
(anonymous) @ apollo.gz.js?b=42.2.0:92
a @ apollo.gz.js?b=42.2.0:92
fireWith @ apollo.gz.js?b=42.2.0:92
f @ apollo.gz.js?b=42.2.0:92
l @ apollo.gz.js?b=42.2.0:92
setTimeout (async)
(anonymous) @ apollo.gz.js?b=42.2.0:92
a @ apollo.gz.js?b=42.2.0:92
fireWith @ apollo.gz.js?b=42.2.0:92
fire @ apollo.gz.js?b=42.2.0:92
a @ apollo.gz.js?b=42.2.0:92
fireWith @ apollo.gz.js?b=42.2.0:92
s.<computed> @ apollo.gz.js?b=42.2.0:92
a @ apollo.gz.js?b=42.2.0:92
fireWith @ apollo.gz.js?b=42.2.0:92
s.<computed> @ apollo.gz.js?b=42.2.0:92
success @ apollo.gz.js?b=42.2.0:92
a @ apollo.gz.js?b=42.2.0:92
fireWith @ apollo.gz.js?b=42.2.0:92
C @ apollo.gz.js?b=42.2.0:92
(anonymous) @ apollo.gz.js?b=42.2.0:92
load (async)
send @ apollo.gz.js?b=42.2.0:92
ajax @ apollo.gz.js?b=42.2.0:92
e.ajax @ apollo.gz.js?b=42.2.0:92
getServerTime @ apollo.gz.js?b=42.2.0:92
postInit @ apollo.gz.js?b=42.2.0:92
(anonymous) @ apollo.gz.js?b=42.2.0:92
execCb @ require.min.js:29
check @ require.min.js:18
(anonymous) @ require.min.js:23
(anonymous) @ require.min.js:8
(anonymous) @ require.min.js:23
y @ require.min.js:7
emit @ require.min.js:23
check @ require.min.js:19
enable @ require.min.js:23
init @ require.min.js:17
D @ require.min.js:14
completeLoad @ require.min.js:28
onScriptLoad @ require.min.js:29
load (async)
j.load @ require.min.js:33
load @ require.min.js:29
load @ require.min.js:18
fetch @ require.min.js:17
check @ require.min.js:20
enable @ require.min.js:23
enable @ require.min.js:27
(anonymous) @ require.min.js:23
(anonymous) @ require.min.js:8
y @ require.min.js:7
enable @ require.min.js:22
init @ require.min.js:17
(anonymous) @ require.min.js:26
setTimeout (async)
j.nextTick @ require.min.js:32
h @ require.min.js:26
requirejs @ require.min.js:31
initialize @ apollo.gz.js?b=42.2.0:92
r.Controller @ apollo.gz.js?b=42.2.0:92
n @ widgets.on24.gz.js?b=42.2.0:1
(anonymous) @ apollo.gz.js?b=42.2.0:92
(anonymous) @ apollo.gz.js?b=42.2.0:92
a @ apollo.gz.js?b=42.2.0:92
fireWith @ apollo.gz.js?b=42.2.0:92
s.<computed> @ apollo.gz.js?b=42.2.0:92
run @ apollo.gz.js?b=42.2.0:92
start @ apollo.gz.js?b=42.2.0:92
(anonymous) @ apollo.gz.js?b=42.2.0:92
execCb @ require.min.js:29
check @ require.min.js:18
(anonymous) @ require.min.js:23
(anonymous) @ require.min.js:8
(anonymous) @ require.min.js:23
y @ require.min.js:7
emit @ require.min.js:23
check @ require.min.js:19
(anonymous) @ require.min.js:23
(anonymous) @ require.min.js:8
(anonymous) @ require.min.js:23
y @ require.min.js:7
emit @ require.min.js:23
check @ require.min.js:19
(anonymous) @ require.min.js:23
(anonymous) @ require.min.js:8
(anonymous) @ require.min.js:23
y @ require.min.js:7
emit @ require.min.js:23
check @ require.min.js:19
(anonymous) @ require.min.js:13
y @ require.min.js:7
E @ require.min.js:12
(anonymous) @ require.min.js:13
y @ require.min.js:7
E @ require.min.js:12
(anonymous) @ require.min.js:13
y @ require.min.js:7
E @ require.min.js:12
(anonymous) @ require.min.js:13
y @ require.min.js:7
E @ require.min.js:12
(anonymous) @ require.min.js:13
y @ require.min.js:7
E @ require.min.js:12
(anonymous) @ require.min.js:13
y @ require.min.js:7
E @ require.min.js:12
(anonymous) @ require.min.js:13
y @ require.min.js:7
E @ require.min.js:12
(anonymous) @ require.min.js:14
y @ require.min.js:7
C @ require.min.js:14
completeLoad @ require.min.js:28
onScriptLoad @ require.min.js:29
load (async)
j.load @ require.min.js:33
load @ require.min.js:29
load @ require.min.js:18
fetch @ require.min.js:17
check @ require.min.js:20
enable @ require.min.js:23
enable @ require.min.js:27
(anonymous) @ require.min.js:23
(anonymous) @ require.min.js:8
y @ require.min.js:7
enable @ require.min.js:22
enable @ require.min.js:27
(anonymous) @ require.min.js:23
(anonymous) @ require.min.js:8
y @ require.min.js:7
enable @ require.min.js:22
enable @ require.min.js:27
(anonymous) @ require.min.js:23
(anonymous) @ require.min.js:8
y @ require.min.js:7
enable @ require.min.js:22
init @ require.min.js:17
(anonymous) @ require.min.js:26
setTimeout (async)
j.nextTick @ require.min.js:32
h @ require.min.js:26
configure @ require.min.js:25
requirejs @ require.min.js:31
j.config @ require.min.js:31
(anonymous) @ apollo.gz.js?b=42.2.0:92
ChatClass.js:211 
        
       [ChatClass.$init] - ERROR while connecting: TypeError - Failed to fetch
(anonymous) @ ChatClass.js:211
c @ stream-chat-react.js:41
(anonymous) @ stream-chat-react.js:41
(anonymous) @ stream-chat-react.js:41
p @ chat_ui.min.js:1
s @ chat_ui.min.js:1
Promise.then (async)
p @ chat_ui.min.js:1
i @ chat_ui.min.js:1
(anonymous) @ chat_ui.min.js:1
(anonymous) @ chat_ui.min.js:1
(anonymous) @ ChatClass.js:222
initializeAttendeeChat @ attendeechat-iframe.html:190
(anonymous) @ attendeechat-iframe.html:261
postMessage (async)
t.onload @ attendeeChatDefaultController.gz.js?b=42.2.0:1
load (async)
onRender @ attendeeChatDefaultController.gz.js?b=42.2.0:1
r @ apollo.gz.js?b=42.2.0:92
render @ apollo.gz.js?b=42.2.0:92
v @ apollo.gz.js?b=42.2.0:92
show @ apollo.gz.js?b=42.2.0:92
show @ attendeeChatDefaultController.gz.js?b=42.2.0:1
(anonymous) @ widgets.on24.gz.js?b=42.2.0:1
(anonymous) @ widgets.on24.gz.js?b=42.2.0:1
execCb @ require.min.js:29
check @ require.min.js:18
(anonymous) @ require.min.js:23
(anonymous) @ require.min.js:8
(anonymous) @ require.min.js:23
y @ require.min.js:7
emit @ require.min.js:23
check @ require.min.js:19
enable @ require.min.js:23
init @ require.min.js:17
D @ require.min.js:14
completeLoad @ require.min.js:28
onScriptLoad @ require.min.js:29
load (async)
j.load @ require.min.js:33
load @ require.min.js:29
load @ require.min.js:18
fetch @ require.min.js:17
check @ require.min.js:20
enable @ require.min.js:23
enable @ require.min.js:27
(anonymous) @ require.min.js:23
(anonymous) @ require.min.js:8
y @ require.min.js:7
enable @ require.min.js:22
init @ require.min.js:17
(anonymous) @ require.min.js:26
setTimeout (async)
j.nextTick @ require.min.js:32
h @ require.min.js:26
(anonymous) @ widgets.on24.gz.js?b=42.2.0:1
(anonymous) @ widgets.on24.gz.js?b=42.2.0:1
kt @ apollo.gz.js?b=42.2.0:92
r @ widgets.on24.gz.js?b=42.2.0:1
preloadTemplates @ widgets.on24.gz.js?b=42.2.0:1
m.addWidgets @ widgets.on24.gz.js?b=42.2.0:1
addWidget @ apollo.gz.js?b=42.2.0:92
wlibRender @ apollo.gz.js?b=42.2.0:92
defaultOnRenderBehaviour @ apollo.gz.js?b=42.2.0:92
onRender @ apollo.gz.js?b=42.2.0:92
r @ apollo.gz.js?b=42.2.0:92
render @ apollo.gz.js?b=42.2.0:92
v @ apollo.gz.js?b=42.2.0:92
renderItemView @ apollo.gz.js?b=42.2.0:92
addItemView @ apollo.gz.js?b=42.2.0:92
(anonymous) @ apollo.gz.js?b=42.2.0:92
(anonymous) @ apollo.gz.js?b=42.2.0:92
kt @ apollo.gz.js?b=42.2.0:92
g.<computed> @ apollo.gz.js?b=42.2.0:92
showCollection @ apollo.gz.js?b=42.2.0:92
_renderChildren @ apollo.gz.js?b=42.2.0:92
_renderChildren @ apollo.gz.js?b=42.2.0:92
render @ apollo.gz.js?b=42.2.0:92
v @ apollo.gz.js?b=42.2.0:92
show @ apollo.gz.js?b=42.2.0:92
initializeUIAndWidgets @ apollo.gz.js?b=42.2.0:92
loadLibsBeforeUiInit @ apollo.gz.js?b=42.2.0:92
(anonymous) @ apollo.gz.js?b=42.2.0:92
f @ apollo.gz.js?b=42.2.0:92
l @ apollo.gz.js?b=42.2.0:92
setTimeout (async)
(anonymous) @ apollo.gz.js?b=42.2.0:92
a @ apollo.gz.js?b=42.2.0:92
fireWith @ apollo.gz.js?b=42.2.0:92
fire @ apollo.gz.js?b=42.2.0:92
a @ apollo.gz.js?b=42.2.0:92
fireWith @ apollo.gz.js?b=42.2.0:92
s.<computed> @ apollo.gz.js?b=42.2.0:92
success @ apollo.gz.js?b=42.2.0:92
a @ apollo.gz.js?b=42.2.0:92
fireWith @ apollo.gz.js?b=42.2.0:92
C @ apollo.gz.js?b=42.2.0:92
(anonymous) @ apollo.gz.js?b=42.2.0:92
load (async)
send @ apollo.gz.js?b=42.2.0:92
ajax @ apollo.gz.js?b=42.2.0:92
e.ajax @ apollo.gz.js?b=42.2.0:92
A @ apollo.gz.js?b=42.2.0:92
handleServerData @ apollo.gz.js?b=42.2.0:92
(anonymous) @ apollo.gz.js?b=42.2.0:92
f @ apollo.gz.js?b=42.2.0:92
l @ apollo.gz.js?b=42.2.0:92
setTimeout (async)
(anonymous) @ apollo.gz.js?b=42.2.0:92
a @ apollo.gz.js?b=42.2.0:92
fireWith @ apollo.gz.js?b=42.2.0:92
fire @ apollo.gz.js?b=42.2.0:92
a @ apollo.gz.js?b=42.2.0:92
fireWith @ apollo.gz.js?b=42.2.0:92
s.<computed> @ apollo.gz.js?b=42.2.0:92
success @ apollo.gz.js?b=42.2.0:92
a @ apollo.gz.js?b=42.2.0:92
fireWith @ apollo.gz.js?b=42.2.0:92
C @ apollo.gz.js?b=42.2.0:92
(anonymous) @ apollo.gz.js?b=42.2.0:92
load (async)
send @ apollo.gz.js?b=42.2.0:92
ajax @ apollo.gz.js?b=42.2.0:92
e.ajax @ apollo.gz.js?b=42.2.0:92
Nt @ apollo.gz.js?b=42.2.0:92
(anonymous) @ apollo.gz.js?b=42.2.0:92
a @ apollo.gz.js?b=42.2.0:92
fireWith @ apollo.gz.js?b=42.2.0:92
(anonymous) @ apollo.gz.js?b=42.2.0:92
a @ apollo.gz.js?b=42.2.0:92
fireWith @ apollo.gz.js?b=42.2.0:92
s.<computed> @ apollo.gz.js?b=42.2.0:92
success @ apollo.gz.js?b=42.2.0:92
a @ apollo.gz.js?b=42.2.0:92
fireWith @ apollo.gz.js?b=42.2.0:92
C @ apollo.gz.js?b=42.2.0:92
(anonymous) @ apollo.gz.js?b=42.2.0:92
load (async)
send @ apollo.gz.js?b=42.2.0:92
ajax @ apollo.gz.js?b=42.2.0:92
e.ajax @ apollo.gz.js?b=42.2.0:92
getJWTToken @ apollo.gz.js?b=42.2.0:92
(anonymous) @ apollo.gz.js?b=42.2.0:92
a @ apollo.gz.js?b=42.2.0:92
fireWith @ apollo.gz.js?b=42.2.0:92
(anonymous) @ apollo.gz.js?b=42.2.0:92
a @ apollo.gz.js?b=42.2.0:92
fireWith @ apollo.gz.js?b=42.2.0:92
s.<computed> @ apollo.gz.js?b=42.2.0:92
success @ apollo.gz.js?b=42.2.0:92
a @ apollo.gz.js?b=42.2.0:92
fireWith @ apollo.gz.js?b=42.2.0:92
C @ apollo.gz.js?b=42.2.0:92
(anonymous) @ apollo.gz.js?b=42.2.0:92
load (async)
send @ apollo.gz.js?b=42.2.0:92
ajax @ apollo.gz.js?b=42.2.0:92
e.ajax @ apollo.gz.js?b=42.2.0:92
getLocalizationData @ apollo.gz.js?b=42.2.0:92
(anonymous) @ apollo.gz.js?b=42.2.0:92
a @ apollo.gz.js?b=42.2.0:92
fireWith @ apollo.gz.js?b=42.2.0:92
f @ apollo.gz.js?b=42.2.0:92
l @ apollo.gz.js?b=42.2.0:92
setTimeout (async)
(anonymous) @ apollo.gz.js?b=42.2.0:92
a @ apollo.gz.js?b=42.2.0:92
fireWith @ apollo.gz.js?b=42.2.0:92
fire @ apollo.gz.js?b=42.2.0:92
a @ apollo.gz.js?b=42.2.0:92
fireWith @ apollo.gz.js?b=42.2.0:92
s.<computed> @ apollo.gz.js?b=42.2.0:92
a @ apollo.gz.js?b=42.2.0:92
fireWith @ apollo.gz.js?b=42.2.0:92
s.<computed> @ apollo.gz.js?b=42.2.0:92
success @ apollo.gz.js?b=42.2.0:92
a @ apollo.gz.js?b=42.2.0:92
fireWith @ apollo.gz.js?b=42.2.0:92
C @ apollo.gz.js?b=42.2.0:92
(anonymous) @ apollo.gz.js?b=42.2.0:92
load (async)
send @ apollo.gz.js?b=42.2.0:92
ajax @ apollo.gz.js?b=42.2.0:92
e.ajax @ apollo.gz.js?b=42.2.0:92
getWebcastData @ apollo.gz.js?b=42.2.0:92
(anonymous) @ apollo.gz.js?b=42.2.0:92
a @ apollo.gz.js?b=42.2.0:92
fireWith @ apollo.gz.js?b=42.2.0:92
f @ apollo.gz.js?b=42.2.0:92
l @ apollo.gz.js?b=42.2.0:92
setTimeout (async)
(anonymous) @ apollo.gz.js?b=42.2.0:92
a @ apollo.gz.js?b=42.2.0:92
fireWith @ apollo.gz.js?b=42.2.0:92
fire @ apollo.gz.js?b=42.2.0:92
a @ apollo.gz.js?b=42.2.0:92
fireWith @ apollo.gz.js?b=42.2.0:92
s.<computed> @ apollo.gz.js?b=42.2.0:92
a @ apollo.gz.js?b=42.2.0:92
fireWith @ apollo.gz.js?b=42.2.0:92
s.<computed> @ apollo.gz.js?b=42.2.0:92
success @ apollo.gz.js?b=42.2.0:92
a @ apollo.gz.js?b=42.2.0:92
fireWith @ apollo.gz.js?b=42.2.0:92
C @ apollo.gz.js?b=42.2.0:92
(anonymous) @ apollo.gz.js?b=42.2.0:92
load (async)
send @ apollo.gz.js?b=42.2.0:92
ajax @ apollo.gz.js?b=42.2.0:92
e.ajax @ apollo.gz.js?b=42.2.0:92
getServerTime @ apollo.gz.js?b=42.2.0:92
postInit @ apollo.gz.js?b=42.2.0:92
(anonymous) @ apollo.gz.js?b=42.2.0:92
execCb @ require.min.js:29
check @ require.min.js:18
(anonymous) @ require.min.js:23
(anonymous) @ require.min.js:8
(anonymous) @ require.min.js:23
y @ require.min.js:7
emit @ require.min.js:23
check @ require.min.js:19
enable @ require.min.js:23
init @ require.min.js:17
D @ require.min.js:14
completeLoad @ require.min.js:28
onScriptLoad @ require.min.js:29
load (async)
j.load @ require.min.js:33
load @ require.min.js:29
load @ require.min.js:18
fetch @ require.min.js:17
check @ require.min.js:20
enable @ require.min.js:23
enable @ require.min.js:27
(anonymous) @ require.min.js:23
(anonymous) @ require.min.js:8
y @ require.min.js:7
enable @ require.min.js:22
init @ require.min.js:17
(anonymous) @ require.min.js:26
setTimeout (async)
j.nextTick @ require.min.js:32
h @ require.min.js:26
requirejs @ require.min.js:31
initialize @ apollo.gz.js?b=42.2.0:92
r.Controller @ apollo.gz.js?b=42.2.0:92
n @ widgets.on24.gz.js?b=42.2.0:1
(anonymous) @ apollo.gz.js?b=42.2.0:92
(anonymous) @ apollo.gz.js?b=42.2.0:92
a @ apollo.gz.js?b=42.2.0:92
fireWith @ apollo.gz.js?b=42.2.0:92
s.<computed> @ apollo.gz.js?b=42.2.0:92
run @ apollo.gz.js?b=42.2.0:92
start @ apollo.gz.js?b=42.2.0:92
(anonymous) @ apollo.gz.js?b=42.2.0:92
execCb @ require.min.js:29
check @ require.min.js:18
(anonymous) @ require.min.js:23
(anonymous) @ require.min.js:8
(anonymous) @ require.min.js:23
y @ require.min.js:7
emit @ require.min.js:23
check @ require.min.js:19
(anonymous) @ require.min.js:23
(anonymous) @ require.min.js:8
(anonymous) @ require.min.js:23
y @ require.min.js:7
emit @ require.min.js:23
check @ require.min.js:19
(anonymous) @ require.min.js:23
(anonymous) @ require.min.js:8
(anonymous) @ require.min.js:23
y @ require.min.js:7
emit @ require.min.js:23
check @ require.min.js:19
(anonymous) @ require.min.js:13
y @ require.min.js:7
E @ require.min.js:12
(anonymous) @ require.min.js:13
y @ require.min.js:7
E @ require.min.js:12
(anonymous) @ require.min.js:13
y @ require.min.js:7
E @ require.min.js:12
(anonymous) @ require.min.js:13
y @ require.min.js:7
E @ require.min.js:12
(anonymous) @ require.min.js:13
y @ require.min.js:7
E @ require.min.js:12
(anonymous) @ require.min.js:13
y @ require.min.js:7
E @ require.min.js:12
(anonymous) @ require.min.js:13
y @ require.min.js:7
E @ require.min.js:12
(anonymous) @ require.min.js:14
y @ require.min.js:7
C @ require.min.js:14
completeLoad @ require.min.js:28
onScriptLoad @ require.min.js:29
load (async)
j.load @ require.min.js:33
load @ require.min.js:29
load @ require.min.js:18
fetch @ require.min.js:17
check @ require.min.js:20
enable @ require.min.js:23
enable @ require.min.js:27
(anonymous) @ require.min.js:23
(anonymous) @ require.min.js:8
y @ require.min.js:7
enable @ require.min.js:22
enable @ require.min.js:27
(anonymous) @ require.min.js:23
(anonymous) @ require.min.js:8
y @ require.min.js:7
enable @ require.min.js:22
enable @ require.min.js:27
(anonymous) @ require.min.js:23
(anonymous) @ require.min.js:8
y @ require.min.js:7
enable @ require.min.js:22
init @ require.min.js:17
(anonymous) @ require.min.js:26
setTimeout (async)
j.nextTick @ require.min.js:32
h @ require.min.js:26
configure @ require.min.js:25
requirejs @ require.min.js:31
j.config @ require.min.js:31
(anonymous) @ apollo.gz.js?b=42.2.0:92
ApiService.js:67 
        
      
        
        
      
        
      
       
        
      
        
        
      
      
       
        
       Uncaught (in promise) TypeError: Failed to fetch
    at e.<anonymous> (ApiService.js:67:28)
    at c (stream-chat-react.js:41:911695)
    at Generator._invoke (stream-chat-react.js:41:911483)
    at Generator.next (stream-chat-react.js:41:912120)
    at p (chat_ui.min.js:1:1679)
    at i (chat_ui.min.js:1:1882)
    at chat_ui.min.js:1:1941
    at new Promise (<anonymous>)
    at e.<anonymous> (chat_ui.min.js:1:1822)
    at e.<anonymous> (ApiService.js:68:39)
(anonymous) @ ApiService.js:67
c @ stream-chat-react.js:41
(anonymous) @ stream-chat-react.js:41
(anonymous) @ stream-chat-react.js:41
p @ chat_ui.min.js:1
i @ chat_ui.min.js:1
(anonymous) @ chat_ui.min.js:1
(anonymous) @ chat_ui.min.js:1
(anonymous) @ ApiService.js:68
(anonymous) @ ApiService.js:90
c @ stream-chat-react.js:41
(anonymous) @ stream-chat-react.js:41
(anonymous) @ stream-chat-react.js:41
p @ chat_ui.min.js:1
i @ chat_ui.min.js:1
(anonymous) @ chat_ui.min.js:1
(anonymous) @ chat_ui.min.js:1
(anonymous) @ ApiService.js:90
(anonymous) @ ControlServerHandler.js:100
c @ stream-chat-react.js:41
(anonymous) @ stream-chat-react.js:41
(anonymous) @ stream-chat-react.js:41
p @ chat_ui.min.js:1
i @ chat_ui.min.js:1
(anonymous) @ chat_ui.min.js:1
(anonymous) @ chat_ui.min.js:1
(anonymous) @ ControlServerHandler.js:163
(anonymous) @ ChatClass.js:209
c @ stream-chat-react.js:41
(anonymous) @ stream-chat-react.js:41
(anonymous) @ stream-chat-react.js:41
p @ chat_ui.min.js:1
i @ chat_ui.min.js:1
(anonymous) @ chat_ui.min.js:1
(anonymous) @ chat_ui.min.js:1
(anonymous) @ ChatClass.js:222
initializeAttendeeChat @ attendeechat-iframe.html:190
(anonymous) @ attendeechat-iframe.html:261
Promise.then (async)
initializeAttendeeChat @ attendeechat-iframe.html:190
(anonymous) @ attendeechat-iframe.html:261
postMessage (async)
t.onload @ attendeeChatDefaultController.gz.js?b=42.2.0:1
load (async)
onRender @ attendeeChatDefaultController.gz.js?b=42.2.0:1
r @ apollo.gz.js?b=42.2.0:92
render @ apollo.gz.js?b=42.2.0:92
v @ apollo.gz.js?b=42.2.0:92
show @ apollo.gz.js?b=42.2.0:92
show @ attendeeChatDefaultController.gz.js?b=42.2.0:1
(anonymous) @ widgets.on24.gz.js?b=42.2.0:1
(anonymous) @ widgets.on24.gz.js?b=42.2.0:1
execCb @ require.min.js:29
check @ require.min.js:18
(anonymous) @ require.min.js:23
(anonymous) @ require.min.js:8
(anonymous) @ require.min.js:23
y @ require.min.js:7
emit @ require.min.js:23
check @ require.min.js:19
enable @ require.min.js:23
init @ require.min.js:17
D @ require.min.js:14
completeLoad @ require.min.js:28
onScriptLoad @ require.min.js:29
load (async)
j.load @ require.min.js:33
load @ require.min.js:29
load @ require.min.js:18
fetch @ require.min.js:17
check @ require.min.js:20
enable @ require.min.js:23
enable @ require.min.js:27
(anonymous) @ require.min.js:23
(anonymous) @ require.min.js:8
y @ require.min.js:7
enable @ require.min.js:22
init @ require.min.js:17
(anonymous) @ require.min.js:26
setTimeout (async)
j.nextTick @ require.min.js:32
h @ require.min.js:26
(anonymous) @ widgets.on24.gz.js?b=42.2.0:1
(anonymous) @ widgets.on24.gz.js?b=42.2.0:1
kt @ apollo.gz.js?b=42.2.0:92
r @ widgets.on24.gz.js?b=42.2.0:1
preloadTemplates @ widgets.on24.gz.js?b=42.2.0:1
m.addWidgets @ widgets.on24.gz.js?b=42.2.0:1
addWidget @ apollo.gz.js?b=42.2.0:92
wlibRender @ apollo.gz.js?b=42.2.0:92
defaultOnRenderBehaviour @ apollo.gz.js?b=42.2.0:92
onRender @ apollo.gz.js?b=42.2.0:92
r @ apollo.gz.js?b=42.2.0:92
render @ apollo.gz.js?b=42.2.0:92
v @ apollo.gz.js?b=42.2.0:92
renderItemView @ apollo.gz.js?b=42.2.0:92
addItemView @ apollo.gz.js?b=42.2.0:92
(anonymous) @ apollo.gz.js?b=42.2.0:92
(anonymous) @ apollo.gz.js?b=42.2.0:92
kt @ apollo.gz.js?b=42.2.0:92
g.<computed> @ apollo.gz.js?b=42.2.0:92
showCollection @ apollo.gz.js?b=42.2.0:92
_renderChildren @ apollo.gz.js?b=42.2.0:92
_renderChildren @ apollo.gz.js?b=42.2.0:92
render @ apollo.gz.js?b=42.2.0:92
v @ apollo.gz.js?b=42.2.0:92
show @ apollo.gz.js?b=42.2.0:92
initializeUIAndWidgets @ apollo.gz.js?b=42.2.0:92
loadLibsBeforeUiInit @ apollo.gz.js?b=42.2.0:92
(anonymous) @ apollo.gz.js?b=42.2.0:92
f @ apollo.gz.js?b=42.2.0:92
l @ apollo.gz.js?b=42.2.0:92
setTimeout (async)
(anonymous) @ apollo.gz.js?b=42.2.0:92
a @ apollo.gz.js?b=42.2.0:92
fireWith @ apollo.gz.js?b=42.2.0:92
fire @ apollo.gz.js?b=42.2.0:92
a @ apollo.gz.js?b=42.2.0:92
fireWith @ apollo.gz.js?b=42.2.0:92
s.<computed> @ apollo.gz.js?b=42.2.0:92
success @ apollo.gz.js?b=42.2.0:92
a @ apollo.gz.js?b=42.2.0:92
fireWith @ apollo.gz.js?b=42.2.0:92
C @ apollo.gz.js?b=42.2.0:92
(anonymous) @ apollo.gz.js?b=42.2.0:92
load (async)
send @ apollo.gz.js?b=42.2.0:92
ajax @ apollo.gz.js?b=42.2.0:92
e.ajax @ apollo.gz.js?b=42.2.0:92
A @ apollo.gz.js?b=42.2.0:92
handleServerData @ apollo.gz.js?b=42.2.0:92
(anonymous) @ apollo.gz.js?b=42.2.0:92
f @ apollo.gz.js?b=42.2.0:92
l @ apollo.gz.js?b=42.2.0:92
setTimeout (async)
(anonymous) @ apollo.gz.js?b=42.2.0:92
a @ apollo.gz.js?b=42.2.0:92
fireWith @ apollo.gz.js?b=42.2.0:92
fire @ apollo.gz.js?b=42.2.0:92
a @ apollo.gz.js?b=42.2.0:92
fireWith @ apollo.gz.js?b=42.2.0:92
s.<computed> @ apollo.gz.js?b=42.2.0:92
success @ apollo.gz.js?b=42.2.0:92
a @ apollo.gz.js?b=42.2.0:92
fireWith @ apollo.gz.js?b=42.2.0:92
C @ apollo.gz.js?b=42.2.0:92
(anonymous) @ apollo.gz.js?b=42.2.0:92
load (async)
send @ apollo.gz.js?b=42.2.0:92
ajax @ apollo.gz.js?b=42.2.0:92
e.ajax @ apollo.gz.js?b=42.2.0:92
Nt @ apollo.gz.js?b=42.2.0:92
(anonymous) @ apollo.gz.js?b=42.2.0:92
a @ apollo.gz.js?b=42.2.0:92
fireWith @ apollo.gz.js?b=42.2.0:92
(anonymous) @ apollo.gz.js?b=42.2.0:92
a @ apollo.gz.js?b=42.2.0:92
fireWith @ apollo.gz.js?b=42.2.0:92
s.<computed> @ apollo.gz.js?b=42.2.0:92
success @ apollo.gz.js?b=42.2.0:92
a @ apollo.gz.js?b=42.2.0:92
fireWith @ apollo.gz.js?b=42.2.0:92
C @ apollo.gz.js?b=42.2.0:92
(anonymous) @ apollo.gz.js?b=42.2.0:92
load (async)
send @ apollo.gz.js?b=42.2.0:92
ajax @ apollo.gz.js?b=42.2.0:92
e.ajax @ apollo.gz.js?b=42.2.0:92
getJWTToken @ apollo.gz.js?b=42.2.0:92
(anonymous) @ apollo.gz.js?b=42.2.0:92
a @ apollo.gz.js?b=42.2.0:92
fireWith @ apollo.gz.js?b=42.2.0:92
(anonymous) @ apollo.gz.js?b=42.2.0:92
a @ apollo.gz.js?b=42.2.0:92
fireWith @ apollo.gz.js?b=42.2.0:92
s.<computed> @ apollo.gz.js?b=42.2.0:92
success @ apollo.gz.js?b=42.2.0:92
a @ apollo.gz.js?b=42.2.0:92
fireWith @ apollo.gz.js?b=42.2.0:92
C @ apollo.gz.js?b=42.2.0:92
(anonymous) @ apollo.gz.js?b=42.2.0:92
load (async)
send @ apollo.gz.js?b=42.2.0:92
ajax @ apollo.gz.js?b=42.2.0:92
e.ajax @ apollo.gz.js?b=42.2.0:92
getLocalizationData @ apollo.gz.js?b=42.2.0:92
(anonymous) @ apollo.gz.js?b=42.2.0:92
a @ apollo.gz.js?b=42.2.0:92
fireWith @ apollo.gz.js?b=42.2.0:92
f @ apollo.gz.js?b=42.2.0:92
l @ apollo.gz.js?b=42.2.0:92
setTimeout (async)
(anonymous) @ apollo.gz.js?b=42.2.0:92
a @ apollo.gz.js?b=42.2.0:92
fireWith @ apollo.gz.js?b=42.2.0:92
fire @ apollo.gz.js?b=42.2.0:92
a @ apollo.gz.js?b=42.2.0:92
fireWith @ apollo.gz.js?b=42.2.0:92
s.<computed> @ apollo.gz.js?b=42.2.0:92
a @ apollo.gz.js?b=42.2.0:92
fireWith @ apollo.gz.js?b=42.2.0:92
s.<computed> @ apollo.gz.js?b=42.2.0:92
success @ apollo.gz.js?b=42.2.0:92
a @ apollo.gz.js?b=42.2.0:92
fireWith @ apollo.gz.js?b=42.2.0:92
C @ apollo.gz.js?b=42.2.0:92
(anonymous) @ apollo.gz.js?b=42.2.0:92
load (async)
send @ apollo.gz.js?b=42.2.0:92
ajax @ apollo.gz.js?b=42.2.0:92
e.ajax @ apollo.gz.js?b=42.2.0:92
getWebcastData @ apollo.gz.js?b=42.2.0:92
(anonymous) @ apollo.gz.js?b=42.2.0:92
a @ apollo.gz.js?b=42.2.0:92
fireWith @ apollo.gz.js?b=42.2.0:92
f @ apollo.gz.js?b=42.2.0:92
l @ apollo.gz.js?b=42.2.0:92
setTimeout (async)
(anonymous) @ apollo.gz.js?b=42.2.0:92
a @ apollo.gz.js?b=42.2.0:92
fireWith @ apollo.gz.js?b=42.2.0:92
fire @ apollo.gz.js?b=42.2.0:92
a @ apollo.gz.js?b=42.2.0:92
fireWith @ apollo.gz.js?b=42.2.0:92
s.<computed> @ apollo.gz.js?b=42.2.0:92
a @ apollo.gz.js?b=42.2.0:92
fireWith @ apollo.gz.js?b=42.2.0:92
s.<computed> @ apollo.gz.js?b=42.2.0:92
success @ apollo.gz.js?b=42.2.0:92
a @ apollo.gz.js?b=42.2.0:92
fireWith @ apollo.gz.js?b=42.2.0:92
C @ apollo.gz.js?b=42.2.0:92
(anonymous) @ apollo.gz.js?b=42.2.0:92
load (async)
send @ apollo.gz.js?b=42.2.0:92
ajax @ apollo.gz.js?b=42.2.0:92
e.ajax @ apollo.gz.js?b=42.2.0:92
getServerTime @ apollo.gz.js?b=42.2.0:92
postInit @ apollo.gz.js?b=42.2.0:92
(anonymous) @ apollo.gz.js?b=42.2.0:92
execCb @ require.min.js:29
check @ require.min.js:18
(anonymous) @ require.min.js:23
(anonymous) @ require.min.js:8
(anonymous) @ require.min.js:23
y @ require.min.js:7
emit @ require.min.js:23
check @ require.min.js:19
enable @ require.min.js:23
init @ require.min.js:17
D @ require.min.js:14
completeLoad @ require.min.js:28
onScriptLoad @ require.min.js:29
load (async)
j.load @ require.min.js:33
load @ require.min.js:29
load @ require.min.js:18
fetch @ require.min.js:17
check @ require.min.js:20
enable @ require.min.js:23
enable @ require.min.js:27
(anonymous) @ require.min.js:23
(anonymous) @ require.min.js:8
y @ require.min.js:7
enable @ require.min.js:22
init @ require.min.js:17
(anonymous) @ require.min.js:26
setTimeout (async)
j.nextTick @ require.min.js:32
h @ require.min.js:26
requirejs @ require.min.js:31
initialize @ apollo.gz.js?b=42.2.0:92
r.Controller @ apollo.gz.js?b=42.2.0:92
n @ widgets.on24.gz.js?b=42.2.0:1
(anonymous) @ apollo.gz.js?b=42.2.0:92
(anonymous) @ apollo.gz.js?b=42.2.0:92
a @ apollo.gz.js?b=42.2.0:92
fireWith @ apollo.gz.js?b=42.2.0:92
s.<computed> @ apollo.gz.js?b=42.2.0:92
run @ apollo.gz.js?b=42.2.0:92
start @ apollo.gz.js?b=42.2.0:92
(anonymous) @ apollo.gz.js?b=42.2.0:92
execCb @ require.min.js:29
check @ require.min.js:18
(anonymous) @ require.min.js:23
(anonymous) @ require.min.js:8
(anonymous) @ require.min.js:23
y @ require.min.js:7
emit @ require.min.js:23
check @ require.min.js:19
(anonymous) @ require.min.js:23
(anonymous) @ require.min.js:8
(anonymous) @ require.min.js:23
y @ require.min.js:7
emit @ require.min.js:23
check @ require.min.js:19
(anonymous) @ require.min.js:23
(anonymous) @ require.min.js:8
(anonymous) @ require.min.js:23
y @ require.min.js:7
emit @ require.min.js:23
check @ require.min.js:19
(anonymous) @ require.min.js:13
y @ require.min.js:7
E @ require.min.js:12
(anonymous) @ require.min.js:13
y @ require.min.js:7
E @ require.min.js:12
(anonymous) @ require.min.js:13
y @ require.min.js:7
E @ require.min.js:12
(anonymous) @ require.min.js:13
y @ require.min.js:7
E @ require.min.js:12
(anonymous) @ require.min.js:13
y @ require.min.js:7
E @ require.min.js:12
(anonymous) @ require.min.js:13
y @ require.min.js:7
E @ require.min.js:12
(anonymous) @ require.min.js:13
y @ require.min.js:7
E @ require.min.js:12
(anonymous) @ require.min.js:14
y @ require.min.js:7
C @ require.min.js:14
completeLoad @ require.min.js:28
onScriptLoad @ require.min.js:29
load (async)
j.load @ require.min.js:33
load @ require.min.js:29
load @ require.min.js:18
fetch @ require.min.js:17
check @ require.min.js:20
enable @ require.min.js:23
enable @ require.min.js:27
(anonymous) @ require.min.js:23
(anonymous) @ require.min.js:8
y @ require.min.js:7
enable @ require.min.js:22
enable @ require.min.js:27
(anonymous) @ require.min.js:23
(anonymous) @ require.min.js:8
y @ require.min.js:7
enable @ require.min.js:22
enable @ require.min.js:27
(anonymous) @ require.min.js:23
(anonymous) @ require.min.js:8
y @ require.min.js:7
enable @ require.min.js:22
init @ require.min.js:17
(anonymous) @ require.min.js:26
setTimeout (async)
j.nextTick @ require.min.js:32
h @ require.min.js:26
configure @ require.min.js:25
requirejs @ require.min.js:31
j.config @ require.min.js:31
(anonymous) @ apollo.gz.js?b=42.2.0:92
mediaDefaultController.gz.js?b=42.2.0:1 Stream [https://hlsa.akamaized.net:443/46/liveedge/amlst:3809163_1_fhvideo1_1CB33F6B13D8ACA02F1C843F03DF6D73_A_t/playlist.m3u8] connection is successful.
bitmovinplayer.gz.js?b=42.2.0:34 
        
       1303/PLAYBACK_COULD_NOT_BE_STARTED
_0x9BA9 @ bitmovinplayer.gz.js?b=42.2.0:34
_0x9C51 @ bitmovinplayer.gz.js?b=42.2.0:35
_0x9AAD @ bitmovinplayer.gz.js?b=42.2.0:34
_0x9AAD @ bitmovinplayer.gz.js?b=42.2.0:36
_0x9AAD @ bitmovinplayer.gz.js?b=42.2.0:36
_0x9AAD @ bitmovinplayer.gz.js?b=42.2.0:36
setTimeout (async)
_0x9AD7 @ bitmovinplayer.gz.js?b=42.2.0:36
_0x9D23 @ bitmovinplayer.gz.js?b=42.2.0:36
_0x9B01 @ bitmovinplayer.gz.js?b=42.2.0:36
_0x9AAD @ bitmovinplayer.gz.js?b=42.2.0:35
_0x9C51 @ bitmovinplayer.gz.js?b=42.2.0:35
_0xA0E9 @ bitmovinplayer.gz.js?b=42.2.0:35
e.pause @ bitmovinplayer.gz.js?b=42.2.0:48
_0x9C51 @ bitmovinplayer.gz.js?b=42.2.0:64
_0xAF59 @ bitmovinplayer.gz.js?b=42.2.0:33
_0x9B01 @ bitmovinplayer.gz.js?b=42.2.0:33
Promise.catch (async)
_0xAEDB @ bitmovinplayer.gz.js?b=42.2.0:33
_0x9AAD @ bitmovinplayer.gz.js?b=42.2.0:34
Promise.then (async)
_0xBBD1 @ bitmovinplayer.gz.js?b=42.2.0:34
_0x9AAD @ bitmovinplayer.gz.js?b=42.2.0:34
_0xBB7D @ bitmovinplayer.gz.js?b=42.2.0:34
_0xBB53 @ bitmovinplayer.gz.js?b=42.2.0:34
_0xB541 @ bitmovinplayer.gz.js?b=42.2.0:34
_0x9B01 @ bitmovinplayer.gz.js?b=42.2.0:34
Promise.then (async)
_0xB517 @ bitmovinplayer.gz.js?b=42.2.0:34
_0x9BA9 @ bitmovinplayer.gz.js?b=42.2.0:34
Promise.then (async)
_0xB499 @ bitmovinplayer.gz.js?b=42.2.0:34
_0xA52D @ bitmovinplayer.gz.js?b=42.2.0:32
e.load @ bitmovinplayer.gz.js?b=42.2.0:20
loadSource @ mediaDefaultController.gz.js?b=42.2.0:1
setupPlayer @ mediaDefaultController.gz.js?b=42.2.0:1
v @ apollo.gz.js?b=42.2.0:92
execCb @ require.min.js:29
check @ require.min.js:18
(anonymous) @ require.min.js:23
(anonymous) @ require.min.js:8
(anonymous) @ require.min.js:23
y @ require.min.js:7
emit @ require.min.js:23
check @ require.min.js:19
enable @ require.min.js:23
init @ require.min.js:17
D @ require.min.js:14
completeLoad @ require.min.js:28
onScriptLoad @ require.min.js:29
load (async)
j.load @ require.min.js:33
load @ require.min.js:29
load @ require.min.js:18
fetch @ require.min.js:17
check @ require.min.js:20
enable @ require.min.js:23
enable @ require.min.js:27
(anonymous) @ require.min.js:23
(anonymous) @ require.min.js:8
y @ require.min.js:7
enable @ require.min.js:22
init @ require.min.js:17
(anonymous) @ require.min.js:26
setTimeout (async)
j.nextTick @ require.min.js:32
h @ require.min.js:26
loadBitdashPlayer @ mediaDefaultController.gz.js?b=42.2.0:1
initiatePlayerConfiguration @ mediaDefaultController.gz.js?b=42.2.0:1
onDomRefresh @ mediaDefaultController.gz.js?b=42.2.0:1
e @ widgets.on24.gz.js?b=42.2.0:1
r @ apollo.gz.js?b=42.2.0:92
r @ apollo.gz.js?b=42.2.0:92
e @ apollo.gz.js?b=42.2.0:92
(anonymous) @ apollo.gz.js?b=42.2.0:92
h @ apollo.gz.js?b=42.2.0:92
trigger @ apollo.gz.js?b=42.2.0:92
r @ apollo.gz.js?b=42.2.0:92
show @ apollo.gz.js?b=42.2.0:92
show @ mediaDefaultController.gz.js?b=42.2.0:1
(anonymous) @ widgets.on24.gz.js?b=42.2.0:1
(anonymous) @ widgets.on24.gz.js?b=42.2.0:1
execCb @ require.min.js:29
check @ require.min.js:18
(anonymous) @ require.min.js:23
(anonymous) @ require.min.js:8
(anonymous) @ require.min.js:23
y @ require.min.js:7
emit @ require.min.js:23
check @ require.min.js:19
enable @ require.min.js:23
init @ require.min.js:17
D @ require.min.js:14
completeLoad @ require.min.js:28
onScriptLoad @ require.min.js:29
load (async)
j.load @ require.min.js:33
load @ require.min.js:29
load @ require.min.js:18
fetch @ require.min.js:17
check @ require.min.js:20
enable @ require.min.js:23
enable @ require.min.js:27
(anonymous) @ require.min.js:23
(anonymous) @ require.min.js:8
y @ require.min.js:7
enable @ require.min.js:22
init @ require.min.js:17
(anonymous) @ require.min.js:26
setTimeout (async)
j.nextTick @ require.min.js:32
h @ require.min.js:26
(anonymous) @ widgets.on24.gz.js?b=42.2.0:1
(anonymous) @ widgets.on24.gz.js?b=42.2.0:1
kt @ apollo.gz.js?b=42.2.0:92
r @ widgets.on24.gz.js?b=42.2.0:1
preloadTemplates @ widgets.on24.gz.js?b=42.2.0:1
m.addWidgets @ widgets.on24.gz.js?b=42.2.0:1
addWidget @ apollo.gz.js?b=42.2.0:92
v @ apollo.gz.js?b=42.2.0:92
f @ apollo.gz.js?b=42.2.0:92
l @ apollo.gz.js?b=42.2.0:92
setTimeout (async)
(anonymous) @ apollo.gz.js?b=42.2.0:92
a @ apollo.gz.js?b=42.2.0:92
fireWith @ apollo.gz.js?b=42.2.0:92
fire @ apollo.gz.js?b=42.2.0:92
a @ apollo.gz.js?b=42.2.0:92
fireWith @ apollo.gz.js?b=42.2.0:92
s.<computed> @ apollo.gz.js?b=42.2.0:92
(anonymous) @ apollo.gz.js?b=42.2.0:92
a @ apollo.gz.js?b=42.2.0:92
fireWith @ apollo.gz.js?b=42.2.0:92
s.<computed> @ apollo.gz.js?b=42.2.0:92
(anonymous) @ apollo.gz.js?b=42.2.0:92
a @ apollo.gz.js?b=42.2.0:92
fireWith @ apollo.gz.js?b=42.2.0:92
f @ apollo.gz.js?b=42.2.0:92
l @ apollo.gz.js?b=42.2.0:92
setTimeout (async)
(anonymous) @ apollo.gz.js?b=42.2.0:92
a @ apollo.gz.js?b=42.2.0:92
fireWith @ apollo.gz.js?b=42.2.0:92
fire @ apollo.gz.js?b=42.2.0:92
a @ apollo.gz.js?b=42.2.0:92
fireWith @ apollo.gz.js?b=42.2.0:92
s.<computed> @ apollo.gz.js?b=42.2.0:92
a @ apollo.gz.js?b=42.2.0:92
fireWith @ apollo.gz.js?b=42.2.0:92
C @ apollo.gz.js?b=42.2.0:92
(anonymous) @ apollo.gz.js?b=42.2.0:92
load (async)
send @ apollo.gz.js?b=42.2.0:92
ajax @ apollo.gz.js?b=42.2.0:92
e.ajax @ apollo.gz.js?b=42.2.0:92
requester.getLinuxEdgeServers @ apollo.gz.js?b=42.2.0:92
(anonymous) @ apollo.gz.js?b=42.2.0:92
a @ apollo.gz.js?b=42.2.0:92
fireWith @ apollo.gz.js?b=42.2.0:92
f @ apollo.gz.js?b=42.2.0:92
l @ apollo.gz.js?b=42.2.0:92
setTimeout (async)
(anonymous) @ apollo.gz.js?b=42.2.0:92
a @ apollo.gz.js?b=42.2.0:92
fireWith @ apollo.gz.js?b=42.2.0:92
fire @ apollo.gz.js?b=42.2.0:92
a @ apollo.gz.js?b=42.2.0:92
fireWith @ apollo.gz.js?b=42.2.0:92
s.<computed> @ apollo.gz.js?b=42.2.0:92
a @ apollo.gz.js?b=42.2.0:92
fireWith @ apollo.gz.js?b=42.2.0:92
C @ apollo.gz.js?b=42.2.0:92
(anonymous) @ apollo.gz.js?b=42.2.0:92
load (async)
send @ apollo.gz.js?b=42.2.0:92
ajax @ apollo.gz.js?b=42.2.0:92
e.ajax @ apollo.gz.js?b=42.2.0:92
requester.getDashCdnAssignment @ apollo.gz.js?b=42.2.0:92
getLiveDashConfig @ apollo.gz.js?b=42.2.0:92
getLiveConfigs @ apollo.gz.js?b=42.2.0:92
getLiveConfigsForVcu @ apollo.gz.js?b=42.2.0:92
getWlibConfigOptions @ apollo.gz.js?b=42.2.0:92
wlibRender @ apollo.gz.js?b=42.2.0:92
defaultOnRenderBehaviour @ apollo.gz.js?b=42.2.0:92
defaultOnRenderBehaviour @ apollo.gz.js?b=42.2.0:92
onRender @ apollo.gz.js?b=42.2.0:92
onRender @ apollo.gz.js?b=42.2.0:92
e @ widgets.on24.gz.js?b=42.2.0:1
r @ apollo.gz.js?b=42.2.0:92
render @ apollo.gz.js?b=42.2.0:92
v @ apollo.gz.js?b=42.2.0:92
renderItemView @ apollo.gz.js?b=42.2.0:92
addItemView @ apollo.gz.js?b=42.2.0:92
(anonymous) @ apollo.gz.js?b=42.2.0:92
(anonymous) @ apollo.gz.js?b=42.2.0:92
kt @ apollo.gz.js?b=42.2.0:92
g.<computed> @ apollo.gz.js?b=42.2.0:92
showCollection @ apollo.gz.js?b=42.2.0:92
_renderChildren @ apollo.gz.js?b=42.2.0:92
_renderChildren @ apollo.gz.js?b=42.2.0:92
render @ apollo.gz.js?b=42.2.0:92
v @ apollo.gz.js?b=42.2.0:92
show @ apollo.gz.js?b=42.2.0:92
initializeUIAndWidgets @ apollo.gz.js?b=42.2.0:92
loadLibsBeforeUiInit @ apollo.gz.js?b=42.2.0:92
(anonymous) @ apollo.gz.js?b=42.2.0:92
f @ apollo.gz.js?b=42.2.0:92
l @ apollo.gz.js?b=42.2.0:92
setTimeout (async)
(anonymous) @ apollo.gz.js?b=42.2.0:92
a @ apollo.gz.js?b=42.2.0:92
fireWith @ apollo.gz.js?b=42.2.0:92
fire @ apollo.gz.js?b=42.2.0:92
a @ apollo.gz.js?b=42.2.0:92
fireWith @ apollo.gz.js?b=42.2.0:92
s.<computed> @ apollo.gz.js?b=42.2.0:92
success @ apollo.gz.js?b=42.2.0:92
a @ apollo.gz.js?b=42.2.0:92
fireWith @ apollo.gz.js?b=42.2.0:92
C @ apollo.gz.js?b=42.2.0:92
(anonymous) @ apollo.gz.js?b=42.2.0:92
load (async)
send @ apollo.gz.js?b=42.2.0:92
ajax @ apollo.gz.js?b=42.2.0:92
e.ajax @ apollo.gz.js?b=42.2.0:92
A @ apollo.gz.js?b=42.2.0:92
handleServerData @ apollo.gz.js?b=42.2.0:92
(anonymous) @ apollo.gz.js?b=42.2.0:92
f @ apollo.gz.js?b=42.2.0:92
l @ apollo.gz.js?b=42.2.0:92
setTimeout (async)
(anonymous) @ apollo.gz.js?b=42.2.0:92
a @ apollo.gz.js?b=42.2.0:92
fireWith @ apollo.gz.js?b=42.2.0:92
fire @ apollo.gz.js?b=42.2.0:92
a @ apollo.gz.js?b=42.2.0:92
fireWith @ apollo.gz.js?b=42.2.0:92
s.<computed> @ apollo.gz.js?b=42.2.0:92
success @ apollo.gz.js?b=42.2.0:92
a @ apollo.gz.js?b=42.2.0:92
fireWith @ apollo.gz.js?b=42.2.0:92
C @ apollo.gz.js?b=42.2.0:92
(anonymous) @ apollo.gz.js?b=42.2.0:92
load (async)
send @ apollo.gz.js?b=42.2.0:92
ajax @ apollo.gz.js?b=42.2.0:92
e.ajax @ apollo.gz.js?b=42.2.0:92
Nt @ apollo.gz.js?b=42.2.0:92
(anonymous) @ apollo.gz.js?b=42.2.0:92
a @ apollo.gz.js?b=42.2.0:92
fireWith @ apollo.gz.js?b=42.2.0:92
(anonymous) @ apollo.gz.js?b=42.2.0:92
a @ apollo.gz.js?b=42.2.0:92
fireWith @ apollo.gz.js?b=42.2.0:92
s.<computed> @ apollo.gz.js?b=42.2.0:92
success @ apollo.gz.js?b=42.2.0:92
a @ apollo.gz.js?b=42.2.0:92
fireWith @ apollo.gz.js?b=42.2.0:92
C @ apollo.gz.js?b=42.2.0:92
(anonymous) @ apollo.gz.js?b=42.2.0:92
load (async)
send @ apollo.gz.js?b=42.2.0:92
ajax @ apollo.gz.js?b=42.2.0:92
e.ajax @ apollo.gz.js?b=42.2.0:92
getJWTToken @ apollo.gz.js?b=42.2.0:92
(anonymous) @ apollo.gz.js?b=42.2.0:92
a @ apollo.gz.js?b=42.2.0:92
fireWith @ apollo.gz.js?b=42.2.0:92
(anonymous) @ apollo.gz.js?b=42.2.0:92
a @ apollo.gz.js?b=42.2.0:92
fireWith @ apollo.gz.js?b=42.2.0:92
s.<computed> @ apollo.gz.js?b=42.2.0:92
success @ apollo.gz.js?b=42.2.0:92
a @ apollo.gz.js?b=42.2.0:92
fireWith @ apollo.gz.js?b=42.2.0:92
C @ apollo.gz.js?b=42.2.0:92
(anonymous) @ apollo.gz.js?b=42.2.0:92
load (async)
send @ apollo.gz.js?b=42.2.0:92
ajax @ apollo.gz.js?b=42.2.0:92
e.ajax @ apollo.gz.js?b=42.2.0:92
getLocalizationData @ apollo.gz.js?b=42.2.0:92
(anonymous) @ apollo.gz.js?b=42.2.0:92
a @ apollo.gz.js?b=42.2.0:92
fireWith @ apollo.gz.js?b=42.2.0:92
f @ apollo.gz.js?b=42.2.0:92
l @ apollo.gz.js?b=42.2.0:92
setTimeout (async)
(anonymous) @ apollo.gz.js?b=42.2.0:92
a @ apollo.gz.js?b=42.2.0:92
fireWith @ apollo.gz.js?b=42.2.0:92
fire @ apollo.gz.js?b=42.2.0:92
a @ apollo.gz.js?b=42.2.0:92
fireWith @ apollo.gz.js?b=42.2.0:92
s.<computed> @ apollo.gz.js?b=42.2.0:92
a @ apollo.gz.js?b=42.2.0:92
fireWith @ apollo.gz.js?b=42.2.0:92
s.<computed> @ apollo.gz.js?b=42.2.0:92
success @ apollo.gz.js?b=42.2.0:92
a @ apollo.gz.js?b=42.2.0:92
fireWith @ apollo.gz.js?b=42.2.0:92
C @ apollo.gz.js?b=42.2.0:92
(anonymous) @ apollo.gz.js?b=42.2.0:92
load (async)
send @ apollo.gz.js?b=42.2.0:92
ajax @ apollo.gz.js?b=42.2.0:92
e.ajax @ apollo.gz.js?b=42.2.0:92
getWebcastData @ apollo.gz.js?b=42.2.0:92
(anonymous) @ apollo.gz.js?b=42.2.0:92
a @ apollo.gz.js?b=42.2.0:92
fireWith @ apollo.gz.js?b=42.2.0:92
f @ apollo.gz.js?b=42.2.0:92
l @ apollo.gz.js?b=42.2.0:92
setTimeout (async)
(anonymous) @ apollo.gz.js?b=42.2.0:92
a @ apollo.gz.js?b=42.2.0:92
fireWith @ apollo.gz.js?b=42.2.0:92
fire @ apollo.gz.js?b=42.2.0:92
a @ apollo.gz.js?b=42.2.0:92
fireWith @ apollo.gz.js?b=42.2.0:92
s.<computed> @ apollo.gz.js?b=42.2.0:92
a @ apollo.gz.js?b=42.2.0:92
fireWith @ apollo.gz.js?b=42.2.0:92
s.<computed> @ apollo.gz.js?b=42.2.0:92
success @ apollo.gz.js?b=42.2.0:92
a @ apollo.gz.js?b=42.2.0:92
fireWith @ apollo.gz.js?b=42.2.0:92
C @ apollo.gz.js?b=42.2.0:92
(anonymous) @ apollo.gz.js?b=42.2.0:92
load (async)
send @ apollo.gz.js?b=42.2.0:92
ajax @ apollo.gz.js?b=42.2.0:92
e.ajax @ apollo.gz.js?b=42.2.0:92
getServerTime @ apollo.gz.js?b=42.2.0:92
postInit @ apollo.gz.js?b=42.2.0:92
(anonymous) @ apollo.gz.js?b=42.2.0:92
execCb @ require.min.js:29
check @ require.min.js:18
(anonymous) @ require.min.js:23
(anonymous) @ require.min.js:8
(anonymous) @ require.min.js:23
y @ require.min.js:7
emit @ require.min.js:23
check @ require.min.js:19
enable @ require.min.js:23
init @ require.min.js:17
D @ require.min.js:14
completeLoad @ require.min.js:28
onScriptLoad @ require.min.js:29
load (async)
j.load @ require.min.js:33
load @ require.min.js:29
load @ require.min.js:18
fetch @ require.min.js:17
check @ require.min.js:20
enable @ require.min.js:23
enable @ require.min.js:27
(anonymous) @ require.min.js:23
(anonymous) @ require.min.js:8
y @ require.min.js:7
enable @ require.min.js:22
init @ require.min.js:17
(anonymous) @ require.min.js:26
setTimeout (async)
j.nextTick @ require.min.js:32
h @ require.min.js:26
requirejs @ require.min.js:31
initialize @ apollo.gz.js?b=42.2.0:92
r.Controller @ apollo.gz.js?b=42.2.0:92
n @ widgets.on24.gz.js?b=42.2.0:1
(anonymous) @ apollo.gz.js?b=42.2.0:92
(anonymous) @ apollo.gz.js?b=42.2.0:92
a @ apollo.gz.js?b=42.2.0:92
fireWith @ apollo.gz.js?b=42.2.0:92
s.<computed> @ apollo.gz.js?b=42.2.0:92
run @ apollo.gz.js?b=42.2.0:92
start @ apollo.gz.js?b=42.2.0:92
(anonymous) @ apollo.gz.js?b=42.2.0:92
execCb @ require.min.js:29
check @ require.min.js:18
(anonymous) @ require.min.js:23
(anonymous) @ require.min.js:8
(anonymous) @ require.min.js:23
y @ require.min.js:7
emit @ require.min.js:23
check @ require.min.js:19
(anonymous) @ require.min.js:23
(anonymous) @ require.min.js:8
(anonymous) @ require.min.js:23
y @ require.min.js:7
emit @ require.min.js:23
check @ require.min.js:19
(anonymous) @ require.min.js:23
(anonymous) @ require.min.js:8
(anonymous) @ require.min.js:23
y @ require.min.js:7
emit @ require.min.js:23
check @ require.min.js:19
(anonymous) @ require.min.js:13
y @ require.min.js:7
E @ require.min.js:12
(anonymous) @ require.min.js:13
y @ require.min.js:7
E @ require.min.js:12
(anonymous) @ require.min.js:13
y @ require.min.js:7
E @ require.min.js:12
(anonymous) @ require.min.js:13
y @ require.min.js:7
E @ require.min.js:12
(anonymous) @ require.min.js:13
y @ require.min.js:7
E @ require.min.js:12
(anonymous) @ require.min.js:13
y @ require.min.js:7
E @ require.min.js:12
(anonymous) @ require.min.js:13
y @ require.min.js:7
E @ require.min.js:12
(anonymous) @ require.min.js:14
y @ require.min.js:7
C @ require.min.js:14
completeLoad @ require.min.js:28
onScriptLoad @ require.min.js:29
load (async)
j.load @ require.min.js:33
load @ require.min.js:29
load @ require.min.js:18
fetch @ require.min.js:17
check @ require.min.js:20
enable @ require.min.js:23
enable @ require.min.js:27
(anonymous) @ require.min.js:23
(anonymous) @ require.min.js:8
y @ require.min.js:7
enable @ require.min.js:22
enable @ require.min.js:27
(anonymous) @ require.min.js:23
(anonymous) @ require.min.js:8
y @ require.min.js:7
enable @ require.min.js:22
enable @ require.min.js:27
(anonymous) @ require.min.js:23
(anonymous) @ require.min.js:8
y @ require.min.js:7
enable @ require.min.js:22
init @ require.min.js:17
(anonymous) @ require.min.js:26
setTimeout (async)
j.nextTick @ require.min.js:32
h @ require.min.js:26
configure @ require.min.js:25
requirejs @ require.min.js:31
j.config @ require.min.js:31
(anonymous) @ apollo.gz.js?b=42.2.0:92
presentationDefaultController.gz.js?b=42.2.0:1 ###  => db log #2:: warning {eventid: '3809163', userId: '581619013', timestamp: 1671212778274, sequence: 2, action: 'warning', …}
mediaDefaultController.gz.js?b=42.2.0:1 
        
       Uncaught (in promise) DOMException: play() failed because the user didn't interact with the document first.
(anonymous) @ mediaDefaultController.gz.js?b=42.2.0:1
i @ apollo.gz.js?b=42.2.0:92
dispatch @ apollo.gz.js?b=42.2.0:92
m.handle @ apollo.gz.js?b=42.2.0:92
apollo.gz.js?b=42.2.0:92 Start Live from GetLastPushedAsset 
apollo.gz.js?b=42.2.0:92 @@@ Live asset pushed
apollo.gz.js?b=42.2.0:92 *** PushLiveAsset of Asset Sync Helper prevNotPopUpLog***
apollo.gz.js?b=42.2.0:92 *** PushLiveAsset of Asset Sync Helper slideLoader***
player.js?672E003C:193 DOMException: play() failed because the user didn't interact with the document first.
apollo.gz.js?b=42.2.0:92 @@@ Live asset pushed
apollo.gz.js?b=42.2.0:92 *** PushLiveAsset of Asset Sync Helper slideLoader***
